============================= test session starts =============================
platform win32 -- Python 3.13.5, pytest-8.3.4, pluggy-1.5.0
rootdir: E:\code.projects\astrology
configfile: pytest.ini
plugins: Faker-37.11.0, asyncio-1.2.0, cov-7.0.0, anyio-4.12.1, hydra-core-1.3.2, langsmith-0.6.6, mock-3.15.1
asyncio: mode=Mode.AUTO, debug=False, asyncio_default_fixture_loop_scope=function, asyncio_default_test_loop_scope=function
collected 13 items

src\tests\test_calculator.py .......                                     [ 53%]
src\tests\test_traditional_pillars.py ......                             [100%]

============================= 13 passed in 2.38s ==============================
