============================= test session starts =============================
platform win32 -- Python 3.13.5, pytest-8.3.4, pluggy-1.5.0 -- C:\ProgramData\anaconda3\python.exe
cachedir: .pytest_cache
rootdir: E:\code.projects\astrology
configfile: pytest.ini
plugins: Faker-37.11.0, asyncio-1.2.0, cov-7.0.0, anyio-4.12.1, hydra-core-1.3.2, langsmith-0.6.6, mock-3.15.1
asyncio: mode=Mode.AUTO, debug=False, asyncio_default_fixture_loop_scope=function, asyncio_default_test_loop_scope=function
collecting ... collected 1 item

src/tests/test_horary_api.py::test_horary_rate_limit FAILED              [100%]

================================== FAILURES ===================================
___________________________ test_horary_rate_limit ____________________________

    def test_horary_rate_limit():
        # Make 5 valid requests
        for i in range(5):
            response = client.post(
                "/api/v1/horary",
                json={
                    "question": f"Test Question {i}",
                    "city": "London",
                    "state": "UK"
                }
            )
>           assert response.status_code == 200, f"Request {i+1} failed"
E           AssertionError: Request 1 failed
E           assert 429 == 200
E            +  where 429 = <Response [429 Too Many Requests]>.status_code

src\tests\test_horary_api.py:24: AssertionError
---------------------------- Captured stdout call -----------------------------
2026-04-03 01:41:00,652 - INFO - [logger] - ACTIVITY: request_received by guest
2026-04-03 01:41:00,671 - INFO - [logger] - ACTIVITY: request_completed by guest
2026-04-03 01:41:00,673 - INFO - [_client] - HTTP Request: POST http://testserver/api/v1/horary "HTTP/1.1 429 Too Many Requests"
------------------------------ Captured log call ------------------------------
INFO     root:logger.py:97 ACTIVITY: request_received by guest
INFO     root:logger.py:97 ACTIVITY: request_completed by guest
INFO     httpx:_client.py:1025 HTTP Request: POST http://testserver/api/v1/horary "HTTP/1.1 429 Too Many Requests"
=========================== short test summary info ===========================
FAILED src/tests/test_horary_api.py::test_horary_rate_limit - AssertionError:...
============================== 1 failed in 2.07s ==============================
