============================= test session starts =============================
platform win32 -- Python 3.13.5, pytest-8.3.4, pluggy-1.5.0
rootdir: E:\code.projects\astrology
configfile: pytest.ini
testpaths: src/tests
plugins: Faker-37.11.0, asyncio-1.2.0, cov-7.0.0, anyio-4.12.1, hydra-core-1.3.2, langsmith-0.6.6, mock-3.15.1
asyncio: mode=Mode.AUTO, debug=False, asyncio_default_fixture_loop_scope=function, asyncio_default_test_loop_scope=function
collected 75 items

src\tests\test_advanced_mechanics.py .....                               [  6%]
src\tests\test_advanced_pillars.py ....                                  [ 12%]
src\tests\test_api_integration.py ....                                   [ 17%]
src\tests\test_audit.py F.                                               [ 20%]
src\tests\test_calculator.py F.FFF..                                     [ 29%]
src\tests\test_commercial_roadmap.py ...                                 [ 33%]
src\tests\test_db_auth.py .                                              [ 34%]
src\tests\test_lot_library.py ...                                        [ 38%]
src\tests\test_manual_options.py F                                       [ 40%]
src\tests\test_medical.py ...                                            [ 44%]
src\tests\test_models.py ...                                             [ 48%]
src\tests\test_monetization.py ...                                       [ 52%]
src\tests\test_mundane_pillars.py .....                                  [ 58%]
src\tests\test_notifications.py .                                        [ 60%]
src\tests\test_oracle_refactor.py ..                                     [ 62%]
src\tests\test_pillar6_solar_return.py .                                 [ 64%]
src\tests\test_pillar7_world_firdaria.py .                               [ 65%]
src\tests\test_planetary_hours.py ...........                            [ 80%]
src\tests\test_primary_directions.py ...                                 [ 84%]
src\tests\test_purchase_flow.py .                                        [ 85%]
src\tests\test_synastry.py .                                             [ 86%]
src\tests\test_traditional_pillars.py FFFFF.                             [ 94%]
src\tests\test_vitality.py ...                                           [ 98%]
src\tests\test_zr.py .                                                   [100%]

================================== FAILURES ===================================
_____________________ test_auditor_generate_full_nativity _____________________

    def test_auditor_generate_full_nativity():
        """
        Test that Auditor.generate_full_nativity runs successfully and returns the
        bifurcated structure (technical_data, human_translation) expected by the CLI and API.
        """
        date_str = "1990-05-15"
        time_str = "14:30"
        city = "New York"
        state = "NY"
        name = "Test Native"
    
        # Assume standard house system (W) and tropical zodiac
        result = Auditor.generate_full_nativity(
            date_str=date_str,
            time_str=time_str,
            city=city,
            state=state,
            name=name,
            house_system="W",
            zodiac_system="tropical"
        )
    
        # Make sure no fatal errors occurred
>       assert "error" not in result, f"generate_full_nativity returned an error: {result.get('error')}"
E       AssertionError: generate_full_nativity returned an error: name 'timezone' is not defined
E       assert 'error' not in {'error': "name 'timezone' is not defined"}

src\tests\test_audit.py:28: AssertionError
____________________________ test_get_coordinates _____________________________

mock_geocoder = <MagicMock name='geocode' id='2550567786144'>

    def test_get_coordinates(mock_geocoder):
>       lat, lon = get_coordinates(MOCK_CITY, MOCK_STATE)

src\tests\test_calculator.py:32: 
_ _ _ _ _ _ _ _ _ _ _ _ _ _ _ _ _ _ _ _ _ _ _ _ _ _ _ _ _ _ _ _ _ _ _ _ _ _ _ _
src\engine\calculator\geo.py:222: in get_coordinates
    _cache_set(query_norm, lat, lon)
_ _ _ _ _ _ _ _ _ _ _ _ _ _ _ _ _ _ _ _ _ _ _ _ _ _ _ _ _ _ _ _ _ _ _ _ _ _ _ _

query_norm = 'los angeles, ca', lat = 34.0522, lon = -118.2437

    def _cache_set(query_norm: str, lat: float, lon: float) -> None:
        cache = _load_geocode_cache()
        k = _cache_key(query_norm)
>       cache[k] = {"created": datetime.now(timezone.utc).replace(microsecond=0).isoformat(), "lat": float(lat), "lon": float(lon)}
E       NameError: name 'timezone' is not defined

src\engine\calculator\geo.py:99: NameError
_________________________ test_get_local_datetime_now _________________________

mock_geocoder = <MagicMock name='geocode' id='2550619093184'>
mock_timezone = <MagicMock name='tf.timezone_at' id='2550624955296'>

    def test_get_local_datetime_now(mock_geocoder, mock_timezone):
        # Mock datetime.now to return a fixed time?
        # Hard to mock datetime.now() directly on the class without external libs like freezegun.
        # For now, just check it returns a datetime with correct tzinfo.
>       dt = get_local_datetime_now(MOCK_CITY, MOCK_STATE)

src\tests\test_calculator.py:46: 
_ _ _ _ _ _ _ _ _ _ _ _ _ _ _ _ _ _ _ _ _ _ _ _ _ _ _ _ _ _ _ _ _ _ _ _ _ _ _ _
src\engine\calculator\geo.py:315: in get_local_datetime_now
    lat, lon = get_coordinates(city, state)
src\engine\calculator\geo.py:222: in get_coordinates
    _cache_set(query_norm, lat, lon)
_ _ _ _ _ _ _ _ _ _ _ _ _ _ _ _ _ _ _ _ _ _ _ _ _ _ _ _ _ _ _ _ _ _ _ _ _ _ _ _

query_norm = 'los angeles, ca', lat = 34.0522, lon = -118.2437

    def _cache_set(query_norm: str, lat: float, lon: float) -> None:
        cache = _load_geocode_cache()
        k = _cache_key(query_norm)
>       cache[k] = {"created": datetime.now(timezone.utc).replace(microsecond=0).isoformat(), "lat": float(lat), "lon": float(lon)}
E       NameError: name 'timezone' is not defined

src\engine\calculator\geo.py:99: NameError
____________________ test_calculate_chart_data_integration ____________________

mock_geocoder = <MagicMock name='geocode' id='2550619093520'>
mock_timezone = <MagicMock name='tf.timezone_at' id='2550624956640'>

    def test_calculate_chart_data_integration(mock_geocoder, mock_timezone):
        # This tests the high-level function
        result = calculate_chart_data("2023-01-01", "12:00", MOCK_CITY, MOCK_STATE)
    
>       assert "planets" in result
E       assert 'planets' in {'error': "name 'timezone' is not defined"}

src\tests\test_calculator.py:54: AssertionError
__________________ test_chart_calculator_class_compatibility __________________

mock_geocoder = <MagicMock name='geocode' id='2550624957312'>
mock_timezone = <MagicMock name='tf.timezone_at' id='2550624958320'>

    def test_chart_calculator_class_compatibility(mock_geocoder, mock_timezone):
        # Test the Class wrapper for backward compatibility
        calc = ChartCalculator()
        dt = datetime(2023, 1, 1, 12, 0)
>       chart = calc.calculate_chart(dt, MOCK_CITY, MOCK_STATE)

src\tests\test_calculator.py:70: 
_ _ _ _ _ _ _ _ _ _ _ _ _ _ _ _ _ _ _ _ _ _ _ _ _ _ _ _ _ _ _ _ _ _ _ _ _ _ _ _
src\engine\calculator\main.py:56: in calculate_chart
    lat, lon = get_coordinates(city, state)
src\engine\calculator\geo.py:222: in get_coordinates
    _cache_set(query_norm, lat, lon)
_ _ _ _ _ _ _ _ _ _ _ _ _ _ _ _ _ _ _ _ _ _ _ _ _ _ _ _ _ _ _ _ _ _ _ _ _ _ _ _

query_norm = 'los angeles, ca', lat = 34.0522, lon = -118.2437

    def _cache_set(query_norm: str, lat: float, lon: float) -> None:
        cache = _load_geocode_cache()
        k = _cache_key(query_norm)
>       cache[k] = {"created": datetime.now(timezone.utc).replace(microsecond=0).isoformat(), "lat": float(lat), "lon": float(lon)}
E       NameError: name 'timezone' is not defined

src\engine\calculator\geo.py:99: NameError
________________________________ test_options _________________________________

    async def test_options():
        print("--- Testing Node Type Option ---")
        # 1. Mean Node (Default)
        data_mean = calculate_chart_data(
            date_str="2023-01-01", time_str="12:00", city="London", node_type="mean"
        )
>       mean_node_lon = data_mean["planets"]["North_Node"]["longitude"]
E       KeyError: 'planets'

src\tests\test_manual_options.py:13: KeyError
---------------------------- Captured stdout call -----------------------------
--- Testing Node Type Option ---
___________________________ test_alcabitius_houses ____________________________

test_case_1996 = {'error': "name 'timezone' is not defined"}

    def test_alcabitius_houses(test_case_1996):
        """Verify Alcabitius houses are calculated and match expected structure."""
        houses = test_case_1996.get("houses")
>       assert houses is not None
E       assert None is not None

src\tests\test_traditional_pillars.py:25: AssertionError
_________________________ test_planetary_phasis_logic _________________________

test_case_1996 = {'error': "name 'timezone' is not defined"}

    def test_planetary_phasis_logic(test_case_1996):
        """Verify Phasis engine correctly identifies Mercury's state."""
        planets = test_case_1996.get("planets")
>       mercury = planets.get("Mercury")
E       AttributeError: 'NoneType' object has no attribute 'get'

src\tests\test_traditional_pillars.py:33: AttributeError
____________________________ test_solar_proximity _____________________________

test_case_1996 = {'error': "name 'timezone' is not defined"}

    def test_solar_proximity(test_case_1996):
        """Verify Sun and Moon proximity (Moon is often combust)."""
>       sun_lon = test_case_1996["planets"]["Sun"]["longitude"]
E       KeyError: 'planets'

src\tests\test_traditional_pillars.py:55: KeyError
_______________________ test_decennial_apheta_selection _______________________

test_case_1996 = {'error': "name 'timezone' is not defined"}

    def test_decennial_apheta_selection(test_case_1996):
        """Verify Decennial Apheta selection for the 1996 chart."""
>       chart = Auditor._rebuild_chart_model(test_case_1996)

src\tests\test_traditional_pillars.py:64: 
_ _ _ _ _ _ _ _ _ _ _ _ _ _ _ _ _ _ _ _ _ _ _ _ _ _ _ _ _ _ _ _ _ _ _ _ _ _ _ _

raw_data = {'error': "name 'timezone' is not defined"}

    @staticmethod
    def _rebuild_chart_model(raw_data: Dict) -> Chart:
        planets = []
>       for name, p_data in raw_data["planets"].items():
E       KeyError: 'planets'

src\engine\forensic_engine.py:938: KeyError
___________________________ test_decennial_sequence ___________________________

test_case_1996 = {'error': "name 'timezone' is not defined"}

    def test_decennial_sequence(test_case_1996):
        """Verify the 129-month cycle durations."""
>       chart = Auditor._rebuild_chart_model(test_case_1996)

src\tests\test_traditional_pillars.py:73: 
_ _ _ _ _ _ _ _ _ _ _ _ _ _ _ _ _ _ _ _ _ _ _ _ _ _ _ _ _ _ _ _ _ _ _ _ _ _ _ _

raw_data = {'error': "name 'timezone' is not defined"}

    @staticmethod
    def _rebuild_chart_model(raw_data: Dict) -> Chart:
        planets = []
>       for name, p_data in raw_data["planets"].items():
E       KeyError: 'planets'

src\engine\forensic_engine.py:938: KeyError
=========================== short test summary info ===========================
FAILED src/tests/test_audit.py::test_auditor_generate_full_nativity - Asserti...
FAILED src/tests/test_calculator.py::test_get_coordinates - NameError: name '...
FAILED src/tests/test_calculator.py::test_get_local_datetime_now - NameError:...
FAILED src/tests/test_calculator.py::test_calculate_chart_data_integration - ...
FAILED src/tests/test_calculator.py::test_chart_calculator_class_compatibility
FAILED src/tests/test_manual_options.py::test_options - KeyError: 'planets'
FAILED src/tests/test_traditional_pillars.py::test_alcabitius_houses - assert...
FAILED src/tests/test_traditional_pillars.py::test_planetary_phasis_logic - A...
FAILED src/tests/test_traditional_pillars.py::test_solar_proximity - KeyError...
FAILED src/tests/test_traditional_pillars.py::test_decennial_apheta_selection
FAILED src/tests/test_traditional_pillars.py::test_decennial_sequence - KeyEr...
======================== 11 failed, 64 passed in 8.17s ========================
