============================= test session starts =============================
platform win32 -- Python 3.13.5, pytest-8.3.4, pluggy-1.5.0
rootdir: E:\code.projects\astrology
configfile: pytest.ini
testpaths: src/tests
plugins: Faker-37.11.0, asyncio-1.2.0, cov-7.0.0, anyio-4.12.1, hydra-core-1.3.2, langsmith-0.6.6, mock-3.15.1
asyncio: mode=Mode.AUTO, debug=False, asyncio_default_fixture_loop_scope=function, asyncio_default_test_loop_scope=function
collected 75 items

src\tests\test_advanced_mechanics.py .....                               [  6%]
src\tests\test_advanced_pillars.py ....                                  [ 12%]
src\tests\test_api_integration.py .F.F                                   [ 17%]
src\tests\test_audit.py F.                                               [ 20%]
src\tests\test_calculator.py F.FFF..                                     [ 29%]
src\tests\test_commercial_roadmap.py ...                                 [ 33%]
src\tests\test_db_auth.py F                                              [ 34%]
src\tests\test_lot_library.py ...                                        [ 38%]
src\tests\test_manual_options.py F                                       [ 40%]
src\tests\test_medical.py ...                                            [ 44%]
src\tests\test_models.py ...                                             [ 48%]
src\tests\test_monetization.py .FF                                       [ 52%]
src\tests\test_mundane_pillars.py .....                                  [ 58%]
src\tests\test_notifications.py .                                        [ 60%]
src\tests\test_oracle_refactor.py ..                                     [ 62%]
src\tests\test_pillar6_solar_return.py .                                 [ 64%]
src\tests\test_pillar7_world_firdaria.py .                               [ 65%]
src\tests\test_planetary_hours.py ...........                            [ 80%]
src\tests\test_primary_directions.py ...                                 [ 84%]
src\tests\test_purchase_flow.py F                                        [ 85%]
src\tests\test_synastry.py .                                             [ 86%]
src\tests\test_traditional_pillars.py FFFFF.                             [ 94%]
src\tests\test_vitality.py ...                                           [ 98%]
src\tests\test_zr.py .                                                   [100%]

================================== FAILURES ===================================
________________________ test_calculate_endpoint_free _________________________
  + Exception Group Traceback (most recent call last):
  |   File "C:\ProgramData\anaconda3\Lib\site-packages\starlette\_utils.py", line 79, in collapse_excgroups
  |     yield
  |   File "C:\ProgramData\anaconda3\Lib\site-packages\starlette\middleware\base.py", line 192, in __call__
  |     async with anyio.create_task_group() as task_group:
  |                ~~~~~~~~~~~~~~~~~~~~~~~^^
  |   File "C:\ProgramData\anaconda3\Lib\site-packages\anyio\_backends\_asyncio.py", line 783, in __aexit__
  |     raise BaseExceptionGroup(
  |         "unhandled errors in a TaskGroup", self._exceptions
  |     ) from None
  | ExceptionGroup: unhandled errors in a TaskGroup (1 sub-exception)
  +-+---------------- 1 ----------------
    | Traceback (most recent call last):
    |   File "C:\ProgramData\anaconda3\Lib\site-packages\_pytest\runner.py", line 341, in from_call
    |     result: TResult | None = func()
    |                              ~~~~^^
    |   File "C:\ProgramData\anaconda3\Lib\site-packages\_pytest\runner.py", line 242, in <lambda>
    |     lambda: runtest_hook(item=item, **kwds), when=when, reraise=reraise
    |             ~~~~~~~~~~~~^^^^^^^^^^^^^^^^^^^
    |   File "C:\ProgramData\anaconda3\Lib\site-packages\pluggy\_hooks.py", line 513, in __call__
    |     return self._hookexec(self.name, self._hookimpls.copy(), kwargs, firstresult)
    |            ~~~~~~~~~~~~~~^^^^^^^^^^^^^^^^^^^^^^^^^^^^^^^^^^^^^^^^^^^^^^^^^^^^^^^^
    |   File "C:\ProgramData\anaconda3\Lib\site-packages\pluggy\_manager.py", line 120, in _hookexec
    |     return self._inner_hookexec(hook_name, methods, kwargs, firstresult)
    |            ~~~~~~~~~~~~~~~~~~~~^^^^^^^^^^^^^^^^^^^^^^^^^^^^^^^^^^^^^^^^^
    |   File "C:\ProgramData\anaconda3\Lib\site-packages\pluggy\_callers.py", line 182, in _multicall
    |     return outcome.get_result()
    |            ~~~~~~~~~~~~~~~~~~^^
    |   File "C:\ProgramData\anaconda3\Lib\site-packages\pluggy\_result.py", line 100, in get_result
    |     raise exc.with_traceback(exc.__traceback__)
    |   File "C:\ProgramData\anaconda3\Lib\site-packages\pluggy\_callers.py", line 167, in _multicall
    |     teardown.throw(outcome._exception)
    |     ~~~~~~~~~~~~~~^^^^^^^^^^^^^^^^^^^^
    |   File "C:\ProgramData\anaconda3\Lib\site-packages\_pytest\threadexception.py", line 92, in pytest_runtest_call
    |     yield from thread_exception_runtest_hook()
    |   File "C:\ProgramData\anaconda3\Lib\site-packages\_pytest\threadexception.py", line 68, in thread_exception_runtest_hook
    |     yield
    |   File "C:\ProgramData\anaconda3\Lib\site-packages\pluggy\_callers.py", line 167, in _multicall
    |     teardown.throw(outcome._exception)
    |     ~~~~~~~~~~~~~~^^^^^^^^^^^^^^^^^^^^
    |   File "C:\ProgramData\anaconda3\Lib\site-packages\_pytest\unraisableexception.py", line 95, in pytest_runtest_call
    |     yield from unraisable_exception_runtest_hook()
    |   File "C:\ProgramData\anaconda3\Lib\site-packages\_pytest\unraisableexception.py", line 70, in unraisable_exception_runtest_hook
    |     yield
    |   File "C:\ProgramData\anaconda3\Lib\site-packages\pluggy\_callers.py", line 167, in _multicall
    |     teardown.throw(outcome._exception)
    |     ~~~~~~~~~~~~~~^^^^^^^^^^^^^^^^^^^^
    |   File "C:\ProgramData\anaconda3\Lib\site-packages\_pytest\logging.py", line 846, in pytest_runtest_call
    |     yield from self._runtest_for(item, "call")
    |   File "C:\ProgramData\anaconda3\Lib\site-packages\_pytest\logging.py", line 829, in _runtest_for
    |     yield
    |   File "C:\ProgramData\anaconda3\Lib\site-packages\pluggy\_callers.py", line 167, in _multicall
    |     teardown.throw(outcome._exception)
    |     ~~~~~~~~~~~~~~^^^^^^^^^^^^^^^^^^^^
    |   File "C:\ProgramData\anaconda3\Lib\site-packages\_pytest\capture.py", line 880, in pytest_runtest_call
    |     return (yield)
    |             ^^^^^
    |   File "C:\ProgramData\anaconda3\Lib\site-packages\pluggy\_callers.py", line 167, in _multicall
    |     teardown.throw(outcome._exception)
    |     ~~~~~~~~~~~~~~^^^^^^^^^^^^^^^^^^^^
    |   File "C:\ProgramData\anaconda3\Lib\site-packages\_pytest\skipping.py", line 257, in pytest_runtest_call
    |     return (yield)
    |             ^^^^^
    |   File "C:\ProgramData\anaconda3\Lib\site-packages\pluggy\_callers.py", line 103, in _multicall
    |     res = hook_impl.function(*args)
    |   File "C:\ProgramData\anaconda3\Lib\site-packages\_pytest\runner.py", line 174, in pytest_runtest_call
    |     item.runtest()
    |     ~~~~~~~~~~~~^^
    |   File "C:\Users\admin\AppData\Roaming\Python\Python313\site-packages\pytest_asyncio\plugin.py", line 474, in runtest
    |     super().runtest()
    |     ~~~~~~~~~~~~~~~^^
    |   File "C:\ProgramData\anaconda3\Lib\site-packages\_pytest\python.py", line 1627, in runtest
    |     self.ihook.pytest_pyfunc_call(pyfuncitem=self)
    |     ~~~~~~~~~~~~~~~~~~~~~~~~~~~~~^^^^^^^^^^^^^^^^^
    |   File "C:\ProgramData\anaconda3\Lib\site-packages\pluggy\_hooks.py", line 513, in __call__
    |     return self._hookexec(self.name, self._hookimpls.copy(), kwargs, firstresult)
    |            ~~~~~~~~~~~~~~^^^^^^^^^^^^^^^^^^^^^^^^^^^^^^^^^^^^^^^^^^^^^^^^^^^^^^^^
    |   File "C:\ProgramData\anaconda3\Lib\site-packages\pluggy\_manager.py", line 120, in _hookexec
    |     return self._inner_hookexec(hook_name, methods, kwargs, firstresult)
    |            ~~~~~~~~~~~~~~~~~~~~^^^^^^^^^^^^^^^^^^^^^^^^^^^^^^^^^^^^^^^^^
    |   File "C:\ProgramData\anaconda3\Lib\site-packages\pluggy\_callers.py", line 182, in _multicall
    |     return outcome.get_result()
    |            ~~~~~~~~~~~~~~~~~~^^
    |   File "C:\ProgramData\anaconda3\Lib\site-packages\pluggy\_result.py", line 100, in get_result
    |     raise exc.with_traceback(exc.__traceback__)
    |   File "C:\ProgramData\anaconda3\Lib\site-packages\pluggy\_callers.py", line 103, in _multicall
    |     res = hook_impl.function(*args)
    |   File "C:\ProgramData\anaconda3\Lib\site-packages\_pytest\python.py", line 159, in pytest_pyfunc_call
    |     result = testfunction(**testargs)
    |   File "C:\Users\admin\AppData\Roaming\Python\Python313\site-packages\pytest_asyncio\plugin.py", line 721, in inner
    |     runner.run(coro, context=context)
    |     ~~~~~~~~~~^^^^^^^^^^^^^^^^^^^^^^^
    |   File "C:\ProgramData\anaconda3\Lib\asyncio\runners.py", line 118, in run
    |     return self._loop.run_until_complete(task)
    |            ~~~~~~~~~~~~~~~~~~~~~~~~~~~~~^^^^^^
    |   File "C:\ProgramData\anaconda3\Lib\asyncio\base_events.py", line 725, in run_until_complete
    |     return future.result()
    |            ~~~~~~~~~~~~~^^
    |   File "E:\code.projects\astrology\src\tests\test_api_integration.py", line 29, in test_calculate_endpoint_free
    |     response = await ac.post("/api/v1/charts/calculate", json=payload)
    |                ^^^^^^^^^^^^^^^^^^^^^^^^^^^^^^^^^^^^^^^^^^^^^^^^^^^^^^^
    |   File "C:\ProgramData\anaconda3\Lib\site-packages\httpx\_client.py", line 1859, in post
    |     return await self.request(
    |            ^^^^^^^^^^^^^^^^^^^
    |     ...<13 lines>...
    |     )
    |     ^
    |   File "C:\ProgramData\anaconda3\Lib\site-packages\httpx\_client.py", line 1540, in request
    |     return await self.send(request, auth=auth, follow_redirects=follow_redirects)
    |            ^^^^^^^^^^^^^^^^^^^^^^^^^^^^^^^^^^^^^^^^^^^^^^^^^^^^^^^^^^^^^^^^^^^^^^
    |   File "C:\ProgramData\anaconda3\Lib\site-packages\httpx\_client.py", line 1629, in send
    |     response = await self._send_handling_auth(
    |                ^^^^^^^^^^^^^^^^^^^^^^^^^^^^^^^
    |     ...<4 lines>...
    |     )
    |     ^
    |   File "C:\ProgramData\anaconda3\Lib\site-packages\httpx\_client.py", line 1657, in _send_handling_auth
    |     response = await self._send_handling_redirects(
    |                ^^^^^^^^^^^^^^^^^^^^^^^^^^^^^^^^^^^^
    |     ...<3 lines>...
    |     )
    |     ^
    |   File "C:\ProgramData\anaconda3\Lib\site-packages\httpx\_client.py", line 1694, in _send_handling_redirects
    |     response = await self._send_single_request(request)
    |                ^^^^^^^^^^^^^^^^^^^^^^^^^^^^^^^^^^^^^^^^
    |   File "C:\ProgramData\anaconda3\Lib\site-packages\httpx\_client.py", line 1730, in _send_single_request
    |     response = await transport.handle_async_request(request)
    |                ^^^^^^^^^^^^^^^^^^^^^^^^^^^^^^^^^^^^^^^^^^^^^
    |   File "C:\ProgramData\anaconda3\Lib\site-packages\httpx\_transports\asgi.py", line 170, in handle_async_request
    |     await self.app(scope, receive, send)
    |   File "C:\ProgramData\anaconda3\Lib\site-packages\fastapi\applications.py", line 1135, in __call__
    |     await super().__call__(scope, receive, send)
    |   File "C:\ProgramData\anaconda3\Lib\site-packages\starlette\applications.py", line 107, in __call__
    |     await self.middleware_stack(scope, receive, send)
    |   File "C:\ProgramData\anaconda3\Lib\site-packages\starlette\middleware\errors.py", line 186, in __call__
    |     raise exc
    |   File "C:\ProgramData\anaconda3\Lib\site-packages\starlette\middleware\errors.py", line 164, in __call__
    |     await self.app(scope, receive, _send)
    |   File "C:\ProgramData\anaconda3\Lib\site-packages\starlette\middleware\cors.py", line 85, in __call__
    |     await self.app(scope, receive, send)
    |   File "C:\ProgramData\anaconda3\Lib\site-packages\starlette\middleware\base.py", line 191, in __call__
    |     with recv_stream, send_stream, collapse_excgroups():
    |                                    ~~~~~~~~~~~~~~~~~~^^
    |   File "C:\ProgramData\anaconda3\Lib\contextlib.py", line 162, in __exit__
    |     self.gen.throw(value)
    |     ~~~~~~~~~~~~~~^^^^^^^
    |   File "C:\ProgramData\anaconda3\Lib\site-packages\starlette\_utils.py", line 85, in collapse_excgroups
    |     raise exc
    |   File "C:\ProgramData\anaconda3\Lib\site-packages\starlette\middleware\base.py", line 193, in __call__
    |     response = await self.dispatch_func(request, call_next)
    |                ^^^^^^^^^^^^^^^^^^^^^^^^^^^^^^^^^^^^^^^^^^^^
    |   File "E:\code.projects\astrology\src\api\v1\middleware\csrf.py", line 80, in dispatch
    |     return await call_next(request)
    |            ^^^^^^^^^^^^^^^^^^^^^^^^
    |   File "C:\ProgramData\anaconda3\Lib\site-packages\starlette\middleware\base.py", line 168, in call_next
    |     raise app_exc from app_exc.__cause__ or app_exc.__context__
    |   File "C:\ProgramData\anaconda3\Lib\site-packages\starlette\middleware\base.py", line 144, in coro
    |     await self.app(scope, receive_or_disconnect, send_no_error)
    |   File "C:\ProgramData\anaconda3\Lib\site-packages\starlette\middleware\base.py", line 191, in __call__
    |     with recv_stream, send_stream, collapse_excgroups():
    |                                    ~~~~~~~~~~~~~~~~~~^^
    |   File "C:\ProgramData\anaconda3\Lib\contextlib.py", line 162, in __exit__
    |     self.gen.throw(value)
    |     ~~~~~~~~~~~~~~^^^^^^^
    |   File "C:\ProgramData\anaconda3\Lib\site-packages\starlette\_utils.py", line 85, in collapse_excgroups
    |     raise exc
    |   File "C:\ProgramData\anaconda3\Lib\site-packages\starlette\middleware\base.py", line 193, in __call__
    |     response = await self.dispatch_func(request, call_next)
    |                ^^^^^^^^^^^^^^^^^^^^^^^^^^^^^^^^^^^^^^^^^^^^
    |   File "E:\code.projects\astrology\src\app.py", line 131, in dispatch
    |     response = await call_next(request)
    |                ^^^^^^^^^^^^^^^^^^^^^^^^
    |   File "C:\ProgramData\anaconda3\Lib\site-packages\starlette\middleware\base.py", line 168, in call_next
    |     raise app_exc from app_exc.__cause__ or app_exc.__context__
    |   File "C:\ProgramData\anaconda3\Lib\site-packages\starlette\middleware\base.py", line 144, in coro
    |     await self.app(scope, receive_or_disconnect, send_no_error)
    |   File "C:\ProgramData\anaconda3\Lib\site-packages\starlette\middleware\base.py", line 191, in __call__
    |     with recv_stream, send_stream, collapse_excgroups():
    |                                    ~~~~~~~~~~~~~~~~~~^^
    |   File "C:\ProgramData\anaconda3\Lib\contextlib.py", line 162, in __exit__
    |     self.gen.throw(value)
    |     ~~~~~~~~~~~~~~^^^^^^^
    |   File "C:\ProgramData\anaconda3\Lib\site-packages\starlette\_utils.py", line 85, in collapse_excgroups
    |     raise exc
    |   File "C:\ProgramData\anaconda3\Lib\site-packages\starlette\middleware\base.py", line 193, in __call__
    |     response = await self.dispatch_func(request, call_next)
    |                ^^^^^^^^^^^^^^^^^^^^^^^^^^^^^^^^^^^^^^^^^^^^
    |   File "E:\code.projects\astrology\src\app.py", line 117, in dispatch
    |     return await call_next(request)
    |            ^^^^^^^^^^^^^^^^^^^^^^^^
    |   File "C:\ProgramData\anaconda3\Lib\site-packages\starlette\middleware\base.py", line 168, in call_next
    |     raise app_exc from app_exc.__cause__ or app_exc.__context__
    |   File "C:\ProgramData\anaconda3\Lib\site-packages\starlette\middleware\base.py", line 144, in coro
    |     await self.app(scope, receive_or_disconnect, send_no_error)
    |   File "C:\ProgramData\anaconda3\Lib\site-packages\starlette\middleware\base.py", line 191, in __call__
    |     with recv_stream, send_stream, collapse_excgroups():
    |                                    ~~~~~~~~~~~~~~~~~~^^
    |   File "C:\ProgramData\anaconda3\Lib\contextlib.py", line 162, in __exit__
    |     self.gen.throw(value)
    |     ~~~~~~~~~~~~~~^^^^^^^
    |   File "C:\ProgramData\anaconda3\Lib\site-packages\starlette\_utils.py", line 85, in collapse_excgroups
    |     raise exc
    |   File "C:\ProgramData\anaconda3\Lib\site-packages\starlette\middleware\base.py", line 193, in __call__
    |     response = await self.dispatch_func(request, call_next)
    |                ^^^^^^^^^^^^^^^^^^^^^^^^^^^^^^^^^^^^^^^^^^^^
    |   File "E:\code.projects\astrology\src\app.py", line 86, in dispatch
    |     response = await call_next(request)
    |                ^^^^^^^^^^^^^^^^^^^^^^^^
    |   File "C:\ProgramData\anaconda3\Lib\site-packages\starlette\middleware\base.py", line 168, in call_next
    |     raise app_exc from app_exc.__cause__ or app_exc.__context__
    |   File "C:\ProgramData\anaconda3\Lib\site-packages\starlette\middleware\base.py", line 144, in coro
    |     await self.app(scope, receive_or_disconnect, send_no_error)
    |   File "C:\ProgramData\anaconda3\Lib\site-packages\starlette\middleware\exceptions.py", line 63, in __call__
    |     await wrap_app_handling_exceptions(self.app, conn)(scope, receive, send)
    |   File "C:\ProgramData\anaconda3\Lib\site-packages\starlette\_exception_handler.py", line 53, in wrapped_app
    |     raise exc
    |   File "C:\ProgramData\anaconda3\Lib\site-packages\starlette\_exception_handler.py", line 42, in wrapped_app
    |     await app(scope, receive, sender)
    |   File "C:\ProgramData\anaconda3\Lib\site-packages\fastapi\middleware\asyncexitstack.py", line 18, in __call__
    |     await self.app(scope, receive, send)
    |   File "C:\ProgramData\anaconda3\Lib\site-packages\starlette\routing.py", line 716, in __call__
    |     await self.middleware_stack(scope, receive, send)
    |   File "C:\ProgramData\anaconda3\Lib\site-packages\starlette\routing.py", line 736, in app
    |     await route.handle(scope, receive, send)
    |   File "C:\ProgramData\anaconda3\Lib\site-packages\starlette\routing.py", line 290, in handle
    |     await self.app(scope, receive, send)
    |   File "C:\ProgramData\anaconda3\Lib\site-packages\fastapi\routing.py", line 119, in app
    |     await wrap_app_handling_exceptions(app, request)(scope, receive, send)
    |   File "C:\ProgramData\anaconda3\Lib\site-packages\starlette\_exception_handler.py", line 53, in wrapped_app
    |     raise exc
    |   File "C:\ProgramData\anaconda3\Lib\site-packages\starlette\_exception_handler.py", line 42, in wrapped_app
    |     await app(scope, receive, sender)
    |   File "C:\ProgramData\anaconda3\Lib\site-packages\fastapi\routing.py", line 105, in app
    |     response = await f(request)
    |                ^^^^^^^^^^^^^^^^
    |   File "C:\ProgramData\anaconda3\Lib\site-packages\fastapi\routing.py", line 426, in app
    |     raw_response = await run_endpoint_function(
    |                    ^^^^^^^^^^^^^^^^^^^^^^^^^^^^
    |     ...<3 lines>...
    |     )
    |     ^
    |   File "C:\ProgramData\anaconda3\Lib\site-packages\fastapi\routing.py", line 312, in run_endpoint_function
    |     return await dependant.call(**values)
    |            ^^^^^^^^^^^^^^^^^^^^^^^^^^^^^^
    |   File "E:\code.projects\astrology\src\api\v1\endpoints\charts.py", line 156, in calculate_chart
    |     _log_event("chart_request_server", {"form": chart_request.dict()}, http_request)
    |                                                 ~~~~~~~~~~~~~~~~~~^^
    |   File "C:\ProgramData\anaconda3\Lib\site-packages\pydantic\main.py", line 1166, in dict
    |     warnings.warn(
    |     ~~~~~~~~~~~~~^
    |         'The `dict` method is deprecated; use `model_dump` instead.',
    |         ^^^^^^^^^^^^^^^^^^^^^^^^^^^^^^^^^^^^^^^^^^^^^^^^^^^^^^^^^^^^^
    |         category=PydanticDeprecatedSince20,
    |         ^^^^^^^^^^^^^^^^^^^^^^^^^^^^^^^^^^^
    |         stacklevel=2,
    |         ^^^^^^^^^^^^^
    |     )
    |     ^
    | pydantic.warnings.PydanticDeprecatedSince20: The `dict` method is deprecated; use `model_dump` instead. Deprecated in Pydantic V2.0 to be removed in V3.0. See Pydantic V2 Migration Guide at https://errors.pydantic.dev/2.10/migration/
    +------------------------------------

The above exception was the direct cause of the following exception:

    @pytest.mark.asyncio
    async def test_calculate_endpoint_free():
        payload = {
            "name": "Test User",
            "date": "1990-01-01",
            "time": "12:00",
            "city": "London",
            "state": "ENG",  # Required field
            "lat": 51.5,
            "lon": -0.12,
            "tz": "Europe/London"
        }
        async with AsyncClient(transport=ASGITransport(app=app), base_url="http://test", follow_redirects=True) as ac:
            # Charts router is mounted at /api/v1/charts, so /calculate lives there.
>           response = await ac.post("/api/v1/charts/calculate", json=payload)

src\tests\test_api_integration.py:29: 
_ _ _ _ _ _ _ _ _ _ _ _ _ _ _ _ _ _ _ _ _ _ _ _ _ _ _ _ _ _ _ _ _ _ _ _ _ _ _ _
C:\ProgramData\anaconda3\Lib\site-packages\httpx\_client.py:1859: in post
    return await self.request(
C:\ProgramData\anaconda3\Lib\site-packages\httpx\_client.py:1540: in request
    return await self.send(request, auth=auth, follow_redirects=follow_redirects)
C:\ProgramData\anaconda3\Lib\site-packages\httpx\_client.py:1629: in send
    response = await self._send_handling_auth(
C:\ProgramData\anaconda3\Lib\site-packages\httpx\_client.py:1657: in _send_handling_auth
    response = await self._send_handling_redirects(
C:\ProgramData\anaconda3\Lib\site-packages\httpx\_client.py:1694: in _send_handling_redirects
    response = await self._send_single_request(request)
C:\ProgramData\anaconda3\Lib\site-packages\httpx\_client.py:1730: in _send_single_request
    response = await transport.handle_async_request(request)
C:\ProgramData\anaconda3\Lib\site-packages\httpx\_transports\asgi.py:170: in handle_async_request
    await self.app(scope, receive, send)
C:\ProgramData\anaconda3\Lib\site-packages\fastapi\applications.py:1135: in __call__
    await super().__call__(scope, receive, send)
C:\ProgramData\anaconda3\Lib\site-packages\starlette\applications.py:107: in __call__
    await self.middleware_stack(scope, receive, send)
C:\ProgramData\anaconda3\Lib\site-packages\starlette\middleware\errors.py:186: in __call__
    raise exc
C:\ProgramData\anaconda3\Lib\site-packages\starlette\middleware\errors.py:164: in __call__
    await self.app(scope, receive, _send)
C:\ProgramData\anaconda3\Lib\site-packages\starlette\middleware\cors.py:85: in __call__
    await self.app(scope, receive, send)
C:\ProgramData\anaconda3\Lib\site-packages\starlette\middleware\base.py:191: in __call__
    with recv_stream, send_stream, collapse_excgroups():
C:\ProgramData\anaconda3\Lib\contextlib.py:162: in __exit__
    self.gen.throw(value)
C:\ProgramData\anaconda3\Lib\site-packages\starlette\_utils.py:85: in collapse_excgroups
    raise exc
C:\ProgramData\anaconda3\Lib\site-packages\starlette\middleware\base.py:193: in __call__
    response = await self.dispatch_func(request, call_next)
src\api\v1\middleware\csrf.py:80: in dispatch
    return await call_next(request)
C:\ProgramData\anaconda3\Lib\site-packages\starlette\middleware\base.py:168: in call_next
    raise app_exc from app_exc.__cause__ or app_exc.__context__
C:\ProgramData\anaconda3\Lib\site-packages\starlette\middleware\base.py:144: in coro
    await self.app(scope, receive_or_disconnect, send_no_error)
C:\ProgramData\anaconda3\Lib\site-packages\starlette\middleware\base.py:191: in __call__
    with recv_stream, send_stream, collapse_excgroups():
C:\ProgramData\anaconda3\Lib\contextlib.py:162: in __exit__
    self.gen.throw(value)
C:\ProgramData\anaconda3\Lib\site-packages\starlette\_utils.py:85: in collapse_excgroups
    raise exc
C:\ProgramData\anaconda3\Lib\site-packages\starlette\middleware\base.py:193: in __call__
    response = await self.dispatch_func(request, call_next)
src\app.py:131: in dispatch
    response = await call_next(request)
C:\ProgramData\anaconda3\Lib\site-packages\starlette\middleware\base.py:168: in call_next
    raise app_exc from app_exc.__cause__ or app_exc.__context__
C:\ProgramData\anaconda3\Lib\site-packages\starlette\middleware\base.py:144: in coro
    await self.app(scope, receive_or_disconnect, send_no_error)
C:\ProgramData\anaconda3\Lib\site-packages\starlette\middleware\base.py:191: in __call__
    with recv_stream, send_stream, collapse_excgroups():
C:\ProgramData\anaconda3\Lib\contextlib.py:162: in __exit__
    self.gen.throw(value)
C:\ProgramData\anaconda3\Lib\site-packages\starlette\_utils.py:85: in collapse_excgroups
    raise exc
C:\ProgramData\anaconda3\Lib\site-packages\starlette\middleware\base.py:193: in __call__
    response = await self.dispatch_func(request, call_next)
src\app.py:117: in dispatch
    return await call_next(request)
C:\ProgramData\anaconda3\Lib\site-packages\starlette\middleware\base.py:168: in call_next
    raise app_exc from app_exc.__cause__ or app_exc.__context__
C:\ProgramData\anaconda3\Lib\site-packages\starlette\middleware\base.py:144: in coro
    await self.app(scope, receive_or_disconnect, send_no_error)
C:\ProgramData\anaconda3\Lib\site-packages\starlette\middleware\base.py:191: in __call__
    with recv_stream, send_stream, collapse_excgroups():
C:\ProgramData\anaconda3\Lib\contextlib.py:162: in __exit__
    self.gen.throw(value)
C:\ProgramData\anaconda3\Lib\site-packages\starlette\_utils.py:85: in collapse_excgroups
    raise exc
C:\ProgramData\anaconda3\Lib\site-packages\starlette\middleware\base.py:193: in __call__
    response = await self.dispatch_func(request, call_next)
src\app.py:86: in dispatch
    response = await call_next(request)
C:\ProgramData\anaconda3\Lib\site-packages\starlette\middleware\base.py:168: in call_next
    raise app_exc from app_exc.__cause__ or app_exc.__context__
C:\ProgramData\anaconda3\Lib\site-packages\starlette\middleware\base.py:144: in coro
    await self.app(scope, receive_or_disconnect, send_no_error)
C:\ProgramData\anaconda3\Lib\site-packages\starlette\middleware\exceptions.py:63: in __call__
    await wrap_app_handling_exceptions(self.app, conn)(scope, receive, send)
C:\ProgramData\anaconda3\Lib\site-packages\starlette\_exception_handler.py:53: in wrapped_app
    raise exc
C:\ProgramData\anaconda3\Lib\site-packages\starlette\_exception_handler.py:42: in wrapped_app
    await app(scope, receive, sender)
C:\ProgramData\anaconda3\Lib\site-packages\fastapi\middleware\asyncexitstack.py:18: in __call__
    await self.app(scope, receive, send)
C:\ProgramData\anaconda3\Lib\site-packages\starlette\routing.py:716: in __call__
    await self.middleware_stack(scope, receive, send)
C:\ProgramData\anaconda3\Lib\site-packages\starlette\routing.py:736: in app
    await route.handle(scope, receive, send)
C:\ProgramData\anaconda3\Lib\site-packages\starlette\routing.py:290: in handle
    await self.app(scope, receive, send)
C:\ProgramData\anaconda3\Lib\site-packages\fastapi\routing.py:119: in app
    await wrap_app_handling_exceptions(app, request)(scope, receive, send)
C:\ProgramData\anaconda3\Lib\site-packages\starlette\_exception_handler.py:53: in wrapped_app
    raise exc
C:\ProgramData\anaconda3\Lib\site-packages\starlette\_exception_handler.py:42: in wrapped_app
    await app(scope, receive, sender)
C:\ProgramData\anaconda3\Lib\site-packages\fastapi\routing.py:105: in app
    response = await f(request)
C:\ProgramData\anaconda3\Lib\site-packages\fastapi\routing.py:426: in app
    raw_response = await run_endpoint_function(
C:\ProgramData\anaconda3\Lib\site-packages\fastapi\routing.py:312: in run_endpoint_function
    return await dependant.call(**values)
src\api\v1\endpoints\charts.py:156: in calculate_chart
    _log_event("chart_request_server", {"form": chart_request.dict()}, http_request)
_ _ _ _ _ _ _ _ _ _ _ _ _ _ _ _ _ _ _ _ _ _ _ _ _ _ _ _ _ _ _ _ _ _ _ _ _ _ _ _

self = ChartRequest(date='1990-01-01', time='12:00', city='London', state='ENG', name='Test User', age=None, analysis_date=No...n', rectification_methods=None, time_range_start=None, time_range_end=None, time_range_samples=None, access_token=None)

    @typing_extensions.deprecated('The `dict` method is deprecated; use `model_dump` instead.', category=None)
    def dict(  # noqa: D102
        self,
        *,
        include: IncEx | None = None,
        exclude: IncEx | None = None,
        by_alias: bool = False,
        exclude_unset: bool = False,
        exclude_defaults: bool = False,
        exclude_none: bool = False,
    ) -> Dict[str, Any]:  # noqa UP006
>       warnings.warn(
            'The `dict` method is deprecated; use `model_dump` instead.',
            category=PydanticDeprecatedSince20,
            stacklevel=2,
        )
E       pydantic.warnings.PydanticDeprecatedSince20: The `dict` method is deprecated; use `model_dump` instead. Deprecated in Pydantic V2.0 to be removed in V3.0. See Pydantic V2 Migration Guide at https://errors.pydantic.dev/2.10/migration/

C:\ProgramData\anaconda3\Lib\site-packages\pydantic\main.py:1166: PydanticDeprecatedSince20
---------------------------- Captured stdout call -----------------------------
2026-03-21 22:27:46,646 - INFO - [logger] - ACTIVITY: request_received by guest
2026-03-21 22:27:46,652 - ERROR - [app] - Unhandled Exception on POST /api/v1/charts/calculate
  + Exception Group Traceback (most recent call last):
  |   File "C:\ProgramData\anaconda3\Lib\site-packages\starlette\_utils.py", line 79, in collapse_excgroups
  |     yield
  |   File "C:\ProgramData\anaconda3\Lib\site-packages\starlette\middleware\base.py", line 192, in __call__
  |     async with anyio.create_task_group() as task_group:
  |                ~~~~~~~~~~~~~~~~~~~~~~~^^
  |   File "C:\ProgramData\anaconda3\Lib\site-packages\anyio\_backends\_asyncio.py", line 783, in __aexit__
  |     raise BaseExceptionGroup(
  |         "unhandled errors in a TaskGroup", self._exceptions
  |     ) from None
  | ExceptionGroup: unhandled errors in a TaskGroup (1 sub-exception)
  +-+---------------- 1 ----------------
    | Traceback (most recent call last):
    |   File "C:\ProgramData\anaconda3\Lib\site-packages\starlette\middleware\errors.py", line 164, in __call__
    |     await self.app(scope, receive, _send)
    |   File "C:\ProgramData\anaconda3\Lib\site-packages\starlette\middleware\cors.py", line 85, in __call__
    |     await self.app(scope, receive, send)
    |   File "C:\ProgramData\anaconda3\Lib\site-packages\starlette\middleware\base.py", line 191, in __call__
    |     with recv_stream, send_stream, collapse_excgroups():
    |                                    ~~~~~~~~~~~~~~~~~~^^
    |   File "C:\ProgramData\anaconda3\Lib\contextlib.py", line 162, in __exit__
    |     self.gen.throw(value)
    |     ~~~~~~~~~~~~~~^^^^^^^
    |   File "C:\ProgramData\anaconda3\Lib\site-packages\starlette\_utils.py", line 85, in collapse_excgroups
    |     raise exc
    |   File "C:\ProgramData\anaconda3\Lib\site-packages\starlette\middleware\base.py", line 193, in __call__
    |     response = await self.dispatch_func(request, call_next)
    |                ^^^^^^^^^^^^^^^^^^^^^^^^^^^^^^^^^^^^^^^^^^^^
    |   File "E:\code.projects\astrology\src\api\v1\middleware\csrf.py", line 80, in dispatch
    |     return await call_next(request)
    |            ^^^^^^^^^^^^^^^^^^^^^^^^
    |   File "C:\ProgramData\anaconda3\Lib\site-packages\starlette\middleware\base.py", line 168, in call_next
    |     raise app_exc from app_exc.__cause__ or app_exc.__context__
    |   File "C:\ProgramData\anaconda3\Lib\site-packages\starlette\middleware\base.py", line 144, in coro
    |     await self.app(scope, receive_or_disconnect, send_no_error)
    |   File "C:\ProgramData\anaconda3\Lib\site-packages\starlette\middleware\base.py", line 191, in __call__
    |     with recv_stream, send_stream, collapse_excgroups():
    |                                    ~~~~~~~~~~~~~~~~~~^^
    |   File "C:\ProgramData\anaconda3\Lib\contextlib.py", line 162, in __exit__
    |     self.gen.throw(value)
    |     ~~~~~~~~~~~~~~^^^^^^^
    |   File "C:\ProgramData\anaconda3\Lib\site-packages\starlette\_utils.py", line 85, in collapse_excgroups
    |     raise exc
    |   File "C:\ProgramData\anaconda3\Lib\site-packages\starlette\middleware\base.py", line 193, in __call__
    |     response = await self.dispatch_func(request, call_next)
    |                ^^^^^^^^^^^^^^^^^^^^^^^^^^^^^^^^^^^^^^^^^^^^
    |   File "E:\code.projects\astrology\src\app.py", line 131, in dispatch
    |     response = await call_next(request)
    |                ^^^^^^^^^^^^^^^^^^^^^^^^
    |   File "C:\ProgramData\anaconda3\Lib\site-packages\starlette\middleware\base.py", line 168, in call_next
    |     raise app_exc from app_exc.__cause__ or app_exc.__context__
    |   File "C:\ProgramData\anaconda3\Lib\site-packages\starlette\middleware\base.py", line 144, in coro
    |     await self.app(scope, receive_or_disconnect, send_no_error)
    |   File "C:\ProgramData\anaconda3\Lib\site-packages\starlette\middleware\base.py", line 191, in __call__
    |     with recv_stream, send_stream, collapse_excgroups():
    |                                    ~~~~~~~~~~~~~~~~~~^^
    |   File "C:\ProgramData\anaconda3\Lib\contextlib.py", line 162, in __exit__
    |     self.gen.throw(value)
    |     ~~~~~~~~~~~~~~^^^^^^^
    |   File "C:\ProgramData\anaconda3\Lib\site-packages\starlette\_utils.py", line 85, in collapse_excgroups
    |     raise exc
    |   File "C:\ProgramData\anaconda3\Lib\site-packages\starlette\middleware\base.py", line 193, in __call__
    |     response = await self.dispatch_func(request, call_next)
    |                ^^^^^^^^^^^^^^^^^^^^^^^^^^^^^^^^^^^^^^^^^^^^
    |   File "E:\code.projects\astrology\src\app.py", line 117, in dispatch
    |     return await call_next(request)
    |            ^^^^^^^^^^^^^^^^^^^^^^^^
    |   File "C:\ProgramData\anaconda3\Lib\site-packages\starlette\middleware\base.py", line 168, in call_next
    |     raise app_exc from app_exc.__cause__ or app_exc.__context__
    |   File "C:\ProgramData\anaconda3\Lib\site-packages\starlette\middleware\base.py", line 144, in coro
    |     await self.app(scope, receive_or_disconnect, send_no_error)
    |   File "C:\ProgramData\anaconda3\Lib\site-packages\starlette\middleware\base.py", line 191, in __call__
    |     with recv_stream, send_stream, collapse_excgroups():
    |                                    ~~~~~~~~~~~~~~~~~~^^
    |   File "C:\ProgramData\anaconda3\Lib\contextlib.py", line 162, in __exit__
    |     self.gen.throw(value)
    |     ~~~~~~~~~~~~~~^^^^^^^
    |   File "C:\ProgramData\anaconda3\Lib\site-packages\starlette\_utils.py", line 85, in collapse_excgroups
    |     raise exc
    |   File "C:\ProgramData\anaconda3\Lib\site-packages\starlette\middleware\base.py", line 193, in __call__
    |     response = await self.dispatch_func(request, call_next)
    |                ^^^^^^^^^^^^^^^^^^^^^^^^^^^^^^^^^^^^^^^^^^^^
    |   File "E:\code.projects\astrology\src\app.py", line 86, in dispatch
    |     response = await call_next(request)
    |                ^^^^^^^^^^^^^^^^^^^^^^^^
    |   File "C:\ProgramData\anaconda3\Lib\site-packages\starlette\middleware\base.py", line 168, in call_next
    |     raise app_exc from app_exc.__cause__ or app_exc.__context__
    |   File "C:\ProgramData\anaconda3\Lib\site-packages\starlette\middleware\base.py", line 144, in coro
    |     await self.app(scope, receive_or_disconnect, send_no_error)
    |   File "C:\ProgramData\anaconda3\Lib\site-packages\starlette\middleware\exceptions.py", line 63, in __call__
    |     await wrap_app_handling_exceptions(self.app, conn)(scope, receive, send)
    |   File "C:\ProgramData\anaconda3\Lib\site-packages\starlette\_exception_handler.py", line 53, in wrapped_app
    |     raise exc
    |   File "C:\ProgramData\anaconda3\Lib\site-packages\starlette\_exception_handler.py", line 42, in wrapped_app
    |     await app(scope, receive, sender)
    |   File "C:\ProgramData\anaconda3\Lib\site-packages\fastapi\middleware\asyncexitstack.py", line 18, in __call__
    |     await self.app(scope, receive, send)
    |   File "C:\ProgramData\anaconda3\Lib\site-packages\starlette\routing.py", line 716, in __call__
    |     await self.middleware_stack(scope, receive, send)
    |   File "C:\ProgramData\anaconda3\Lib\site-packages\starlette\routing.py", line 736, in app
    |     await route.handle(scope, receive, send)
    |   File "C:\ProgramData\anaconda3\Lib\site-packages\starlette\routing.py", line 290, in handle
    |     await self.app(scope, receive, send)
    |   File "C:\ProgramData\anaconda3\Lib\site-packages\fastapi\routing.py", line 119, in app
    |     await wrap_app_handling_exceptions(app, request)(scope, receive, send)
    |   File "C:\ProgramData\anaconda3\Lib\site-packages\starlette\_exception_handler.py", line 53, in wrapped_app
    |     raise exc
    |   File "C:\ProgramData\anaconda3\Lib\site-packages\starlette\_exception_handler.py", line 42, in wrapped_app
    |     await app(scope, receive, sender)
    |   File "C:\ProgramData\anaconda3\Lib\site-packages\fastapi\routing.py", line 105, in app
    |     response = await f(request)
    |                ^^^^^^^^^^^^^^^^
    |   File "C:\ProgramData\anaconda3\Lib\site-packages\fastapi\routing.py", line 426, in app
    |     raw_response = await run_endpoint_function(
    |                    ^^^^^^^^^^^^^^^^^^^^^^^^^^^^
    |     ...<3 lines>...
    |     )
    |     ^
    |   File "C:\ProgramData\anaconda3\Lib\site-packages\fastapi\routing.py", line 312, in run_endpoint_function
    |     return await dependant.call(**values)
    |            ^^^^^^^^^^^^^^^^^^^^^^^^^^^^^^
    |   File "E:\code.projects\astrology\src\api\v1\endpoints\charts.py", line 156, in calculate_chart
    |     _log_event("chart_request_server", {"form": chart_request.dict()}, http_request)
    |                                                 ~~~~~~~~~~~~~~~~~~^^
    |   File "C:\ProgramData\anaconda3\Lib\site-packages\pydantic\main.py", line 1166, in dict
    |     warnings.warn(
    |     ~~~~~~~~~~~~~^
    |         'The `dict` method is deprecated; use `model_dump` instead.',
    |         ^^^^^^^^^^^^^^^^^^^^^^^^^^^^^^^^^^^^^^^^^^^^^^^^^^^^^^^^^^^^^
    |         category=PydanticDeprecatedSince20,
    |         ^^^^^^^^^^^^^^^^^^^^^^^^^^^^^^^^^^^
    |         stacklevel=2,
    |         ^^^^^^^^^^^^^
    |     )
    |     ^
    | pydantic.warnings.PydanticDeprecatedSince20: The `dict` method is deprecated; use `model_dump` instead. Deprecated in Pydantic V2.0 to be removed in V3.0. See Pydantic V2 Migration Guide at https://errors.pydantic.dev/2.10/migration/
    +------------------------------------

The above exception was the direct cause of the following exception:

Traceback (most recent call last):
  File "C:\ProgramData\anaconda3\Lib\site-packages\starlette\middleware\errors.py", line 164, in __call__
    await self.app(scope, receive, _send)
  File "C:\ProgramData\anaconda3\Lib\site-packages\starlette\middleware\cors.py", line 85, in __call__
    await self.app(scope, receive, send)
  File "C:\ProgramData\anaconda3\Lib\site-packages\starlette\middleware\base.py", line 191, in __call__
    with recv_stream, send_stream, collapse_excgroups():
                                   ~~~~~~~~~~~~~~~~~~^^
  File "C:\ProgramData\anaconda3\Lib\contextlib.py", line 162, in __exit__
    self.gen.throw(value)
    ~~~~~~~~~~~~~~^^^^^^^
  File "C:\ProgramData\anaconda3\Lib\site-packages\starlette\_utils.py", line 85, in collapse_excgroups
    raise exc
  File "C:\ProgramData\anaconda3\Lib\site-packages\starlette\middleware\base.py", line 193, in __call__
    response = await self.dispatch_func(request, call_next)
               ^^^^^^^^^^^^^^^^^^^^^^^^^^^^^^^^^^^^^^^^^^^^
  File "E:\code.projects\astrology\src\api\v1\middleware\csrf.py", line 80, in dispatch
    return await call_next(request)
           ^^^^^^^^^^^^^^^^^^^^^^^^
  File "C:\ProgramData\anaconda3\Lib\site-packages\starlette\middleware\base.py", line 168, in call_next
    raise app_exc from app_exc.__cause__ or app_exc.__context__
  File "C:\ProgramData\anaconda3\Lib\site-packages\starlette\middleware\base.py", line 144, in coro
    await self.app(scope, receive_or_disconnect, send_no_error)
  File "C:\ProgramData\anaconda3\Lib\site-packages\starlette\middleware\base.py", line 191, in __call__
    with recv_stream, send_stream, collapse_excgroups():
                                   ~~~~~~~~~~~~~~~~~~^^
  File "C:\ProgramData\anaconda3\Lib\contextlib.py", line 162, in __exit__
    self.gen.throw(value)
    ~~~~~~~~~~~~~~^^^^^^^
  File "C:\ProgramData\anaconda3\Lib\site-packages\starlette\_utils.py", line 85, in collapse_excgroups
    raise exc
  File "C:\ProgramData\anaconda3\Lib\site-packages\starlette\middleware\base.py", line 193, in __call__
    response = await self.dispatch_func(request, call_next)
               ^^^^^^^^^^^^^^^^^^^^^^^^^^^^^^^^^^^^^^^^^^^^
  File "E:\code.projects\astrology\src\app.py", line 131, in dispatch
    response = await call_next(request)
               ^^^^^^^^^^^^^^^^^^^^^^^^
  File "C:\ProgramData\anaconda3\Lib\site-packages\starlette\middleware\base.py", line 168, in call_next
    raise app_exc from app_exc.__cause__ or app_exc.__context__
  File "C:\ProgramData\anaconda3\Lib\site-packages\starlette\middleware\base.py", line 144, in coro
    await self.app(scope, receive_or_disconnect, send_no_error)
  File "C:\ProgramData\anaconda3\Lib\site-packages\starlette\middleware\base.py", line 191, in __call__
    with recv_stream, send_stream, collapse_excgroups():
                                   ~~~~~~~~~~~~~~~~~~^^
  File "C:\ProgramData\anaconda3\Lib\contextlib.py", line 162, in __exit__
    self.gen.throw(value)
    ~~~~~~~~~~~~~~^^^^^^^
  File "C:\ProgramData\anaconda3\Lib\site-packages\starlette\_utils.py", line 85, in collapse_excgroups
    raise exc
  File "C:\ProgramData\anaconda3\Lib\site-packages\starlette\middleware\base.py", line 193, in __call__
    response = await self.dispatch_func(request, call_next)
               ^^^^^^^^^^^^^^^^^^^^^^^^^^^^^^^^^^^^^^^^^^^^
  File "E:\code.projects\astrology\src\app.py", line 117, in dispatch
    return await call_next(request)
           ^^^^^^^^^^^^^^^^^^^^^^^^
  File "C:\ProgramData\anaconda3\Lib\site-packages\starlette\middleware\base.py", line 168, in call_next
    raise app_exc from app_exc.__cause__ or app_exc.__context__
  File "C:\ProgramData\anaconda3\Lib\site-packages\starlette\middleware\base.py", line 144, in coro
    await self.app(scope, receive_or_disconnect, send_no_error)
  File "C:\ProgramData\anaconda3\Lib\site-packages\starlette\middleware\base.py", line 191, in __call__
    with recv_stream, send_stream, collapse_excgroups():
                                   ~~~~~~~~~~~~~~~~~~^^
  File "C:\ProgramData\anaconda3\Lib\contextlib.py", line 162, in __exit__
    self.gen.throw(value)
    ~~~~~~~~~~~~~~^^^^^^^
  File "C:\ProgramData\anaconda3\Lib\site-packages\starlette\_utils.py", line 85, in collapse_excgroups
    raise exc
  File "C:\ProgramData\anaconda3\Lib\site-packages\starlette\middleware\base.py", line 193, in __call__
    response = await self.dispatch_func(request, call_next)
               ^^^^^^^^^^^^^^^^^^^^^^^^^^^^^^^^^^^^^^^^^^^^
  File "E:\code.projects\astrology\src\app.py", line 86, in dispatch
    response = await call_next(request)
               ^^^^^^^^^^^^^^^^^^^^^^^^
  File "C:\ProgramData\anaconda3\Lib\site-packages\starlette\middleware\base.py", line 168, in call_next
    raise app_exc from app_exc.__cause__ or app_exc.__context__
  File "C:\ProgramData\anaconda3\Lib\site-packages\starlette\middleware\base.py", line 144, in coro
    await self.app(scope, receive_or_disconnect, send_no_error)
  File "C:\ProgramData\anaconda3\Lib\site-packages\starlette\middleware\exceptions.py", line 63, in __call__
    await wrap_app_handling_exceptions(self.app, conn)(scope, receive, send)
  File "C:\ProgramData\anaconda3\Lib\site-packages\starlette\_exception_handler.py", line 53, in wrapped_app
    raise exc
  File "C:\ProgramData\anaconda3\Lib\site-packages\starlette\_exception_handler.py", line 42, in wrapped_app
    await app(scope, receive, sender)
  File "C:\ProgramData\anaconda3\Lib\site-packages\fastapi\middleware\asyncexitstack.py", line 18, in __call__
    await self.app(scope, receive, send)
  File "C:\ProgramData\anaconda3\Lib\site-packages\starlette\routing.py", line 716, in __call__
    await self.middleware_stack(scope, receive, send)
  File "C:\ProgramData\anaconda3\Lib\site-packages\starlette\routing.py", line 736, in app
    await route.handle(scope, receive, send)
  File "C:\ProgramData\anaconda3\Lib\site-packages\starlette\routing.py", line 290, in handle
    await self.app(scope, receive, send)
  File "C:\ProgramData\anaconda3\Lib\site-packages\fastapi\routing.py", line 119, in app
    await wrap_app_handling_exceptions(app, request)(scope, receive, send)
  File "C:\ProgramData\anaconda3\Lib\site-packages\starlette\_exception_handler.py", line 53, in wrapped_app
    raise exc
  File "C:\ProgramData\anaconda3\Lib\site-packages\starlette\_exception_handler.py", line 42, in wrapped_app
    await app(scope, receive, sender)
  File "C:\ProgramData\anaconda3\Lib\site-packages\fastapi\routing.py", line 105, in app
    response = await f(request)
               ^^^^^^^^^^^^^^^^
  File "C:\ProgramData\anaconda3\Lib\site-packages\fastapi\routing.py", line 426, in app
    raw_response = await run_endpoint_function(
                   ^^^^^^^^^^^^^^^^^^^^^^^^^^^^
    ...<3 lines>...
    )
    ^
  File "C:\ProgramData\anaconda3\Lib\site-packages\fastapi\routing.py", line 312, in run_endpoint_function
    return await dependant.call(**values)
           ^^^^^^^^^^^^^^^^^^^^^^^^^^^^^^
  File "E:\code.projects\astrology\src\api\v1\endpoints\charts.py", line 156, in calculate_chart
    _log_event("chart_request_server", {"form": chart_request.dict()}, http_request)
                                                ~~~~~~~~~~~~~~~~~~^^
  File "C:\ProgramData\anaconda3\Lib\site-packages\pydantic\main.py", line 1166, in dict
    warnings.warn(
    ~~~~~~~~~~~~~^
        'The `dict` method is deprecated; use `model_dump` instead.',
        ^^^^^^^^^^^^^^^^^^^^^^^^^^^^^^^^^^^^^^^^^^^^^^^^^^^^^^^^^^^^^
        category=PydanticDeprecatedSince20,
        ^^^^^^^^^^^^^^^^^^^^^^^^^^^^^^^^^^^
        stacklevel=2,
        ^^^^^^^^^^^^^
    )
    ^
pydantic.warnings.PydanticDeprecatedSince20: The `dict` method is deprecated; use `model_dump` instead. Deprecated in Pydantic V2.0 to be removed in V3.0. See Pydantic V2 Migration Guide at https://errors.pydantic.dev/2.10/migration/
------------------------------ Captured log call ------------------------------
INFO     root:logger.py:84 ACTIVITY: request_received by guest
ERROR    root:app.py:186 Unhandled Exception on POST /api/v1/charts/calculate
  + Exception Group Traceback (most recent call last):
  |   File "C:\ProgramData\anaconda3\Lib\site-packages\starlette\_utils.py", line 79, in collapse_excgroups
  |     yield
  |   File "C:\ProgramData\anaconda3\Lib\site-packages\starlette\middleware\base.py", line 192, in __call__
  |     async with anyio.create_task_group() as task_group:
  |                ~~~~~~~~~~~~~~~~~~~~~~~^^
  |   File "C:\ProgramData\anaconda3\Lib\site-packages\anyio\_backends\_asyncio.py", line 783, in __aexit__
  |     raise BaseExceptionGroup(
  |         "unhandled errors in a TaskGroup", self._exceptions
  |     ) from None
  | ExceptionGroup: unhandled errors in a TaskGroup (1 sub-exception)
  +-+---------------- 1 ----------------
    | Traceback (most recent call last):
    |   File "C:\ProgramData\anaconda3\Lib\site-packages\starlette\middleware\errors.py", line 164, in __call__
    |     await self.app(scope, receive, _send)
    |   File "C:\ProgramData\anaconda3\Lib\site-packages\starlette\middleware\cors.py", line 85, in __call__
    |     await self.app(scope, receive, send)
    |   File "C:\ProgramData\anaconda3\Lib\site-packages\starlette\middleware\base.py", line 191, in __call__
    |     with recv_stream, send_stream, collapse_excgroups():
    |                                    ~~~~~~~~~~~~~~~~~~^^
    |   File "C:\ProgramData\anaconda3\Lib\contextlib.py", line 162, in __exit__
    |     self.gen.throw(value)
    |     ~~~~~~~~~~~~~~^^^^^^^
    |   File "C:\ProgramData\anaconda3\Lib\site-packages\starlette\_utils.py", line 85, in collapse_excgroups
    |     raise exc
    |   File "C:\ProgramData\anaconda3\Lib\site-packages\starlette\middleware\base.py", line 193, in __call__
    |     response = await self.dispatch_func(request, call_next)
    |                ^^^^^^^^^^^^^^^^^^^^^^^^^^^^^^^^^^^^^^^^^^^^
    |   File "E:\code.projects\astrology\src\api\v1\middleware\csrf.py", line 80, in dispatch
    |     return await call_next(request)
    |            ^^^^^^^^^^^^^^^^^^^^^^^^
    |   File "C:\ProgramData\anaconda3\Lib\site-packages\starlette\middleware\base.py", line 168, in call_next
    |     raise app_exc from app_exc.__cause__ or app_exc.__context__
    |   File "C:\ProgramData\anaconda3\Lib\site-packages\starlette\middleware\base.py", line 144, in coro
    |     await self.app(scope, receive_or_disconnect, send_no_error)
    |   File "C:\ProgramData\anaconda3\Lib\site-packages\starlette\middleware\base.py", line 191, in __call__
    |     with recv_stream, send_stream, collapse_excgroups():
    |                                    ~~~~~~~~~~~~~~~~~~^^
    |   File "C:\ProgramData\anaconda3\Lib\contextlib.py", line 162, in __exit__
    |     self.gen.throw(value)
    |     ~~~~~~~~~~~~~~^^^^^^^
    |   File "C:\ProgramData\anaconda3\Lib\site-packages\starlette\_utils.py", line 85, in collapse_excgroups
    |     raise exc
    |   File "C:\ProgramData\anaconda3\Lib\site-packages\starlette\middleware\base.py", line 193, in __call__
    |     response = await self.dispatch_func(request, call_next)
    |                ^^^^^^^^^^^^^^^^^^^^^^^^^^^^^^^^^^^^^^^^^^^^
    |   File "E:\code.projects\astrology\src\app.py", line 131, in dispatch
    |     response = await call_next(request)
    |                ^^^^^^^^^^^^^^^^^^^^^^^^
    |   File "C:\ProgramData\anaconda3\Lib\site-packages\starlette\middleware\base.py", line 168, in call_next
    |     raise app_exc from app_exc.__cause__ or app_exc.__context__
    |   File "C:\ProgramData\anaconda3\Lib\site-packages\starlette\middleware\base.py", line 144, in coro
    |     await self.app(scope, receive_or_disconnect, send_no_error)
    |   File "C:\ProgramData\anaconda3\Lib\site-packages\starlette\middleware\base.py", line 191, in __call__
    |     with recv_stream, send_stream, collapse_excgroups():
    |                                    ~~~~~~~~~~~~~~~~~~^^
    |   File "C:\ProgramData\anaconda3\Lib\contextlib.py", line 162, in __exit__
    |     self.gen.throw(value)
    |     ~~~~~~~~~~~~~~^^^^^^^
    |   File "C:\ProgramData\anaconda3\Lib\site-packages\starlette\_utils.py", line 85, in collapse_excgroups
    |     raise exc
    |   File "C:\ProgramData\anaconda3\Lib\site-packages\starlette\middleware\base.py", line 193, in __call__
    |     response = await self.dispatch_func(request, call_next)
    |                ^^^^^^^^^^^^^^^^^^^^^^^^^^^^^^^^^^^^^^^^^^^^
    |   File "E:\code.projects\astrology\src\app.py", line 117, in dispatch
    |     return await call_next(request)
    |            ^^^^^^^^^^^^^^^^^^^^^^^^
    |   File "C:\ProgramData\anaconda3\Lib\site-packages\starlette\middleware\base.py", line 168, in call_next
    |     raise app_exc from app_exc.__cause__ or app_exc.__context__
    |   File "C:\ProgramData\anaconda3\Lib\site-packages\starlette\middleware\base.py", line 144, in coro
    |     await self.app(scope, receive_or_disconnect, send_no_error)
    |   File "C:\ProgramData\anaconda3\Lib\site-packages\starlette\middleware\base.py", line 191, in __call__
    |     with recv_stream, send_stream, collapse_excgroups():
    |                                    ~~~~~~~~~~~~~~~~~~^^
    |   File "C:\ProgramData\anaconda3\Lib\contextlib.py", line 162, in __exit__
    |     self.gen.throw(value)
    |     ~~~~~~~~~~~~~~^^^^^^^
    |   File "C:\ProgramData\anaconda3\Lib\site-packages\starlette\_utils.py", line 85, in collapse_excgroups
    |     raise exc
    |   File "C:\ProgramData\anaconda3\Lib\site-packages\starlette\middleware\base.py", line 193, in __call__
    |     response = await self.dispatch_func(request, call_next)
    |                ^^^^^^^^^^^^^^^^^^^^^^^^^^^^^^^^^^^^^^^^^^^^
    |   File "E:\code.projects\astrology\src\app.py", line 86, in dispatch
    |     response = await call_next(request)
    |                ^^^^^^^^^^^^^^^^^^^^^^^^
    |   File "C:\ProgramData\anaconda3\Lib\site-packages\starlette\middleware\base.py", line 168, in call_next
    |     raise app_exc from app_exc.__cause__ or app_exc.__context__
    |   File "C:\ProgramData\anaconda3\Lib\site-packages\starlette\middleware\base.py", line 144, in coro
    |     await self.app(scope, receive_or_disconnect, send_no_error)
    |   File "C:\ProgramData\anaconda3\Lib\site-packages\starlette\middleware\exceptions.py", line 63, in __call__
    |     await wrap_app_handling_exceptions(self.app, conn)(scope, receive, send)
    |   File "C:\ProgramData\anaconda3\Lib\site-packages\starlette\_exception_handler.py", line 53, in wrapped_app
    |     raise exc
    |   File "C:\ProgramData\anaconda3\Lib\site-packages\starlette\_exception_handler.py", line 42, in wrapped_app
    |     await app(scope, receive, sender)
    |   File "C:\ProgramData\anaconda3\Lib\site-packages\fastapi\middleware\asyncexitstack.py", line 18, in __call__
    |     await self.app(scope, receive, send)
    |   File "C:\ProgramData\anaconda3\Lib\site-packages\starlette\routing.py", line 716, in __call__
    |     await self.middleware_stack(scope, receive, send)
    |   File "C:\ProgramData\anaconda3\Lib\site-packages\starlette\routing.py", line 736, in app
    |     await route.handle(scope, receive, send)
    |   File "C:\ProgramData\anaconda3\Lib\site-packages\starlette\routing.py", line 290, in handle
    |     await self.app(scope, receive, send)
    |   File "C:\ProgramData\anaconda3\Lib\site-packages\fastapi\routing.py", line 119, in app
    |     await wrap_app_handling_exceptions(app, request)(scope, receive, send)
    |   File "C:\ProgramData\anaconda3\Lib\site-packages\starlette\_exception_handler.py", line 53, in wrapped_app
    |     raise exc
    |   File "C:\ProgramData\anaconda3\Lib\site-packages\starlette\_exception_handler.py", line 42, in wrapped_app
    |     await app(scope, receive, sender)
    |   File "C:\ProgramData\anaconda3\Lib\site-packages\fastapi\routing.py", line 105, in app
    |     response = await f(request)
    |                ^^^^^^^^^^^^^^^^
    |   File "C:\ProgramData\anaconda3\Lib\site-packages\fastapi\routing.py", line 426, in app
    |     raw_response = await run_endpoint_function(
    |                    ^^^^^^^^^^^^^^^^^^^^^^^^^^^^
    |     ...<3 lines>...
    |     )
    |     ^
    |   File "C:\ProgramData\anaconda3\Lib\site-packages\fastapi\routing.py", line 312, in run_endpoint_function
    |     return await dependant.call(**values)
    |            ^^^^^^^^^^^^^^^^^^^^^^^^^^^^^^
    |   File "E:\code.projects\astrology\src\api\v1\endpoints\charts.py", line 156, in calculate_chart
    |     _log_event("chart_request_server", {"form": chart_request.dict()}, http_request)
    |                                                 ~~~~~~~~~~~~~~~~~~^^
    |   File "C:\ProgramData\anaconda3\Lib\site-packages\pydantic\main.py", line 1166, in dict
    |     warnings.warn(
    |     ~~~~~~~~~~~~~^
    |         'The `dict` method is deprecated; use `model_dump` instead.',
    |         ^^^^^^^^^^^^^^^^^^^^^^^^^^^^^^^^^^^^^^^^^^^^^^^^^^^^^^^^^^^^^
    |         category=PydanticDeprecatedSince20,
    |         ^^^^^^^^^^^^^^^^^^^^^^^^^^^^^^^^^^^
    |         stacklevel=2,
    |         ^^^^^^^^^^^^^
    |     )
    |     ^
    | pydantic.warnings.PydanticDeprecatedSince20: The `dict` method is deprecated; use `model_dump` instead. Deprecated in Pydantic V2.0 to be removed in V3.0. See Pydantic V2 Migration Guide at https://errors.pydantic.dev/2.10/migration/
    +------------------------------------

The above exception was the direct cause of the following exception:

Traceback (most recent call last):
  File "C:\ProgramData\anaconda3\Lib\site-packages\starlette\middleware\errors.py", line 164, in __call__
    await self.app(scope, receive, _send)
  File "C:\ProgramData\anaconda3\Lib\site-packages\starlette\middleware\cors.py", line 85, in __call__
    await self.app(scope, receive, send)
  File "C:\ProgramData\anaconda3\Lib\site-packages\starlette\middleware\base.py", line 191, in __call__
    with recv_stream, send_stream, collapse_excgroups():
                                   ~~~~~~~~~~~~~~~~~~^^
  File "C:\ProgramData\anaconda3\Lib\contextlib.py", line 162, in __exit__
    self.gen.throw(value)
    ~~~~~~~~~~~~~~^^^^^^^
  File "C:\ProgramData\anaconda3\Lib\site-packages\starlette\_utils.py", line 85, in collapse_excgroups
    raise exc
  File "C:\ProgramData\anaconda3\Lib\site-packages\starlette\middleware\base.py", line 193, in __call__
    response = await self.dispatch_func(request, call_next)
               ^^^^^^^^^^^^^^^^^^^^^^^^^^^^^^^^^^^^^^^^^^^^
  File "E:\code.projects\astrology\src\api\v1\middleware\csrf.py", line 80, in dispatch
    return await call_next(request)
           ^^^^^^^^^^^^^^^^^^^^^^^^
  File "C:\ProgramData\anaconda3\Lib\site-packages\starlette\middleware\base.py", line 168, in call_next
    raise app_exc from app_exc.__cause__ or app_exc.__context__
  File "C:\ProgramData\anaconda3\Lib\site-packages\starlette\middleware\base.py", line 144, in coro
    await self.app(scope, receive_or_disconnect, send_no_error)
  File "C:\ProgramData\anaconda3\Lib\site-packages\starlette\middleware\base.py", line 191, in __call__
    with recv_stream, send_stream, collapse_excgroups():
                                   ~~~~~~~~~~~~~~~~~~^^
  File "C:\ProgramData\anaconda3\Lib\contextlib.py", line 162, in __exit__
    self.gen.throw(value)
    ~~~~~~~~~~~~~~^^^^^^^
  File "C:\ProgramData\anaconda3\Lib\site-packages\starlette\_utils.py", line 85, in collapse_excgroups
    raise exc
  File "C:\ProgramData\anaconda3\Lib\site-packages\starlette\middleware\base.py", line 193, in __call__
    response = await self.dispatch_func(request, call_next)
               ^^^^^^^^^^^^^^^^^^^^^^^^^^^^^^^^^^^^^^^^^^^^
  File "E:\code.projects\astrology\src\app.py", line 131, in dispatch
    response = await call_next(request)
               ^^^^^^^^^^^^^^^^^^^^^^^^
  File "C:\ProgramData\anaconda3\Lib\site-packages\starlette\middleware\base.py", line 168, in call_next
    raise app_exc from app_exc.__cause__ or app_exc.__context__
  File "C:\ProgramData\anaconda3\Lib\site-packages\starlette\middleware\base.py", line 144, in coro
    await self.app(scope, receive_or_disconnect, send_no_error)
  File "C:\ProgramData\anaconda3\Lib\site-packages\starlette\middleware\base.py", line 191, in __call__
    with recv_stream, send_stream, collapse_excgroups():
                                   ~~~~~~~~~~~~~~~~~~^^
  File "C:\ProgramData\anaconda3\Lib\contextlib.py", line 162, in __exit__
    self.gen.throw(value)
    ~~~~~~~~~~~~~~^^^^^^^
  File "C:\ProgramData\anaconda3\Lib\site-packages\starlette\_utils.py", line 85, in collapse_excgroups
    raise exc
  File "C:\ProgramData\anaconda3\Lib\site-packages\starlette\middleware\base.py", line 193, in __call__
    response = await self.dispatch_func(request, call_next)
               ^^^^^^^^^^^^^^^^^^^^^^^^^^^^^^^^^^^^^^^^^^^^
  File "E:\code.projects\astrology\src\app.py", line 117, in dispatch
    return await call_next(request)
           ^^^^^^^^^^^^^^^^^^^^^^^^
  File "C:\ProgramData\anaconda3\Lib\site-packages\starlette\middleware\base.py", line 168, in call_next
    raise app_exc from app_exc.__cause__ or app_exc.__context__
  File "C:\ProgramData\anaconda3\Lib\site-packages\starlette\middleware\base.py", line 144, in coro
    await self.app(scope, receive_or_disconnect, send_no_error)
  File "C:\ProgramData\anaconda3\Lib\site-packages\starlette\middleware\base.py", line 191, in __call__
    with recv_stream, send_stream, collapse_excgroups():
                                   ~~~~~~~~~~~~~~~~~~^^
  File "C:\ProgramData\anaconda3\Lib\contextlib.py", line 162, in __exit__
    self.gen.throw(value)
    ~~~~~~~~~~~~~~^^^^^^^
  File "C:\ProgramData\anaconda3\Lib\site-packages\starlette\_utils.py", line 85, in collapse_excgroups
    raise exc
  File "C:\ProgramData\anaconda3\Lib\site-packages\starlette\middleware\base.py", line 193, in __call__
    response = await self.dispatch_func(request, call_next)
               ^^^^^^^^^^^^^^^^^^^^^^^^^^^^^^^^^^^^^^^^^^^^
  File "E:\code.projects\astrology\src\app.py", line 86, in dispatch
    response = await call_next(request)
               ^^^^^^^^^^^^^^^^^^^^^^^^
  File "C:\ProgramData\anaconda3\Lib\site-packages\starlette\middleware\base.py", line 168, in call_next
    raise app_exc from app_exc.__cause__ or app_exc.__context__
  File "C:\ProgramData\anaconda3\Lib\site-packages\starlette\middleware\base.py", line 144, in coro
    await self.app(scope, receive_or_disconnect, send_no_error)
  File "C:\ProgramData\anaconda3\Lib\site-packages\starlette\middleware\exceptions.py", line 63, in __call__
    await wrap_app_handling_exceptions(self.app, conn)(scope, receive, send)
  File "C:\ProgramData\anaconda3\Lib\site-packages\starlette\_exception_handler.py", line 53, in wrapped_app
    raise exc
  File "C:\ProgramData\anaconda3\Lib\site-packages\starlette\_exception_handler.py", line 42, in wrapped_app
    await app(scope, receive, sender)
  File "C:\ProgramData\anaconda3\Lib\site-packages\fastapi\middleware\asyncexitstack.py", line 18, in __call__
    await self.app(scope, receive, send)
  File "C:\ProgramData\anaconda3\Lib\site-packages\starlette\routing.py", line 716, in __call__
    await self.middleware_stack(scope, receive, send)
  File "C:\ProgramData\anaconda3\Lib\site-packages\starlette\routing.py", line 736, in app
    await route.handle(scope, receive, send)
  File "C:\ProgramData\anaconda3\Lib\site-packages\starlette\routing.py", line 290, in handle
    await self.app(scope, receive, send)
  File "C:\ProgramData\anaconda3\Lib\site-packages\fastapi\routing.py", line 119, in app
    await wrap_app_handling_exceptions(app, request)(scope, receive, send)
  File "C:\ProgramData\anaconda3\Lib\site-packages\starlette\_exception_handler.py", line 53, in wrapped_app
    raise exc
  File "C:\ProgramData\anaconda3\Lib\site-packages\starlette\_exception_handler.py", line 42, in wrapped_app
    await app(scope, receive, sender)
  File "C:\ProgramData\anaconda3\Lib\site-packages\fastapi\routing.py", line 105, in app
    response = await f(request)
               ^^^^^^^^^^^^^^^^
  File "C:\ProgramData\anaconda3\Lib\site-packages\fastapi\routing.py", line 426, in app
    raw_response = await run_endpoint_function(
                   ^^^^^^^^^^^^^^^^^^^^^^^^^^^^
    ...<3 lines>...
    )
    ^
  File "C:\ProgramData\anaconda3\Lib\site-packages\fastapi\routing.py", line 312, in run_endpoint_function
    return await dependant.call(**values)
           ^^^^^^^^^^^^^^^^^^^^^^^^^^^^^^
  File "E:\code.projects\astrology\src\api\v1\endpoints\charts.py", line 156, in calculate_chart
    _log_event("chart_request_server", {"form": chart_request.dict()}, http_request)
                                                ~~~~~~~~~~~~~~~~~~^^
  File "C:\ProgramData\anaconda3\Lib\site-packages\pydantic\main.py", line 1166, in dict
    warnings.warn(
    ~~~~~~~~~~~~~^
        'The `dict` method is deprecated; use `model_dump` instead.',
        ^^^^^^^^^^^^^^^^^^^^^^^^^^^^^^^^^^^^^^^^^^^^^^^^^^^^^^^^^^^^^
        category=PydanticDeprecatedSince20,
        ^^^^^^^^^^^^^^^^^^^^^^^^^^^^^^^^^^^
        stacklevel=2,
        ^^^^^^^^^^^^^
    )
    ^
pydantic.warnings.PydanticDeprecatedSince20: The `dict` method is deprecated; use `model_dump` instead. Deprecated in Pydantic V2.0 to be removed in V3.0. See Pydantic V2 Migration Guide at https://errors.pydantic.dev/2.10/migration/
_____________________________ test_token_creation _____________________________

    def test_token_creation():
>       token = create_access_token("test_hash", "free", data={"city": "London"})

src\tests\test_api_integration.py:49: 
_ _ _ _ _ _ _ _ _ _ _ _ _ _ _ _ _ _ _ _ _ _ _ _ _ _ _ _ _ _ _ _ _ _ _ _ _ _ _ _

chart_hash = 'test_hash', tier = 'free', expires_days = 30
data = {'city': 'London'}

    def create_access_token(chart_hash: str, tier: str, expires_days: int = 30, data: dict = None) -> str:
        payload = {
            'chart_hash': chart_hash,
            'tier': tier,
>           'exp': datetime.utcnow() + timedelta(days=expires_days)
        }
E       DeprecationWarning: datetime.datetime.utcnow() is deprecated and scheduled for removal in a future version. Use timezone-aware objects to represent datetimes in UTC: datetime.datetime.now(datetime.UTC).

src\api\v1\auth.py:12: DeprecationWarning
_____________________ test_auditor_generate_full_nativity _____________________

    def test_auditor_generate_full_nativity():
        """
        Test that Auditor.generate_full_nativity runs successfully and returns the
        bifurcated structure (technical_data, human_translation) expected by the CLI and API.
        """
        date_str = "1990-05-15"
        time_str = "14:30"
        city = "New York"
        state = "NY"
        name = "Test Native"
    
        # Assume standard house system (W) and tropical zodiac
        result = Auditor.generate_full_nativity(
            date_str=date_str,
            time_str=time_str,
            city=city,
            state=state,
            name=name,
            house_system="W",
            zodiac_system="tropical"
        )
    
        # Make sure no fatal errors occurred
>       assert "error" not in result, f"generate_full_nativity returned an error: {result.get('error')}"
E       AssertionError: generate_full_nativity returned an error: datetime.datetime.utcnow() is deprecated and scheduled for removal in a future version. Use timezone-aware objects to represent datetimes in UTC: datetime.datetime.now(datetime.UTC).
E       assert 'error' not in {'error': 'datetime.datetime.utcnow() is deprecated and scheduled for removal in a future version. Use timezone-aware objects to represent datetimes in UTC: datetime.datetime.now(datetime.UTC).'}

src\tests\test_audit.py:28: AssertionError
____________________________ test_get_coordinates _____________________________

mock_geocoder = <MagicMock name='geocode' id='2367972080816'>

    def test_get_coordinates(mock_geocoder):
>       lat, lon = get_coordinates(MOCK_CITY, MOCK_STATE)

src\tests\test_calculator.py:32: 
_ _ _ _ _ _ _ _ _ _ _ _ _ _ _ _ _ _ _ _ _ _ _ _ _ _ _ _ _ _ _ _ _ _ _ _ _ _ _ _
src\engine\calculator\geo.py:222: in get_coordinates
    _cache_set(query_norm, lat, lon)
_ _ _ _ _ _ _ _ _ _ _ _ _ _ _ _ _ _ _ _ _ _ _ _ _ _ _ _ _ _ _ _ _ _ _ _ _ _ _ _

query_norm = 'los angeles, ca', lat = 34.0522, lon = -118.2437

    def _cache_set(query_norm: str, lat: float, lon: float) -> None:
        cache = _load_geocode_cache()
        k = _cache_key(query_norm)
>       cache[k] = {"created": datetime.utcnow().replace(microsecond=0).isoformat(), "lat": float(lat), "lon": float(lon)}
E       DeprecationWarning: datetime.datetime.utcnow() is deprecated and scheduled for removal in a future version. Use timezone-aware objects to represent datetimes in UTC: datetime.datetime.now(datetime.UTC).

src\engine\calculator\geo.py:99: DeprecationWarning
_________________________ test_get_local_datetime_now _________________________

mock_geocoder = <MagicMock name='geocode' id='2367981333408'>
mock_timezone = <MagicMock name='tf.timezone_at' id='2367981333744'>

    def test_get_local_datetime_now(mock_geocoder, mock_timezone):
        # Mock datetime.now to return a fixed time?
        # Hard to mock datetime.now() directly on the class without external libs like freezegun.
        # For now, just check it returns a datetime with correct tzinfo.
>       dt = get_local_datetime_now(MOCK_CITY, MOCK_STATE)

src\tests\test_calculator.py:46: 
_ _ _ _ _ _ _ _ _ _ _ _ _ _ _ _ _ _ _ _ _ _ _ _ _ _ _ _ _ _ _ _ _ _ _ _ _ _ _ _
src\engine\calculator\geo.py:315: in get_local_datetime_now
    lat, lon = get_coordinates(city, state)
src\engine\calculator\geo.py:222: in get_coordinates
    _cache_set(query_norm, lat, lon)
_ _ _ _ _ _ _ _ _ _ _ _ _ _ _ _ _ _ _ _ _ _ _ _ _ _ _ _ _ _ _ _ _ _ _ _ _ _ _ _

query_norm = 'los angeles, ca', lat = 34.0522, lon = -118.2437

    def _cache_set(query_norm: str, lat: float, lon: float) -> None:
        cache = _load_geocode_cache()
        k = _cache_key(query_norm)
>       cache[k] = {"created": datetime.utcnow().replace(microsecond=0).isoformat(), "lat": float(lat), "lon": float(lon)}
E       DeprecationWarning: datetime.datetime.utcnow() is deprecated and scheduled for removal in a future version. Use timezone-aware objects to represent datetimes in UTC: datetime.datetime.now(datetime.UTC).

src\engine\calculator\geo.py:99: DeprecationWarning
____________________ test_calculate_chart_data_integration ____________________

mock_geocoder = <MagicMock name='geocode' id='2367972080144'>
mock_timezone = <MagicMock name='tf.timezone_at' id='2367981338112'>

    def test_calculate_chart_data_integration(mock_geocoder, mock_timezone):
        # This tests the high-level function
        result = calculate_chart_data("2023-01-01", "12:00", MOCK_CITY, MOCK_STATE)
    
>       assert "planets" in result
E       AssertionError: assert 'planets' in {'error': 'datetime.datetime.utcnow() is deprecated and scheduled for removal in a future version. Use timezone-aware objects to represent datetimes in UTC: datetime.datetime.now(datetime.UTC).'}

src\tests\test_calculator.py:54: AssertionError
__________________ test_chart_calculator_class_compatibility __________________

mock_geocoder = <MagicMock name='geocode' id='2367981126048'>
mock_timezone = <MagicMock name='tf.timezone_at' id='2367981127056'>

    def test_chart_calculator_class_compatibility(mock_geocoder, mock_timezone):
        # Test the Class wrapper for backward compatibility
        calc = ChartCalculator()
        dt = datetime(2023, 1, 1, 12, 0)
>       chart = calc.calculate_chart(dt, MOCK_CITY, MOCK_STATE)

src\tests\test_calculator.py:70: 
_ _ _ _ _ _ _ _ _ _ _ _ _ _ _ _ _ _ _ _ _ _ _ _ _ _ _ _ _ _ _ _ _ _ _ _ _ _ _ _
src\engine\calculator\main.py:56: in calculate_chart
    lat, lon = get_coordinates(city, state)
src\engine\calculator\geo.py:222: in get_coordinates
    _cache_set(query_norm, lat, lon)
_ _ _ _ _ _ _ _ _ _ _ _ _ _ _ _ _ _ _ _ _ _ _ _ _ _ _ _ _ _ _ _ _ _ _ _ _ _ _ _

query_norm = 'los angeles, ca', lat = 34.0522, lon = -118.2437

    def _cache_set(query_norm: str, lat: float, lon: float) -> None:
        cache = _load_geocode_cache()
        k = _cache_key(query_norm)
>       cache[k] = {"created": datetime.utcnow().replace(microsecond=0).isoformat(), "lat": float(lat), "lon": float(lon)}
E       DeprecationWarning: datetime.datetime.utcnow() is deprecated and scheduled for removal in a future version. Use timezone-aware objects to represent datetimes in UTC: datetime.datetime.now(datetime.UTC).

src\engine\calculator\geo.py:99: DeprecationWarning
_______________________________ test_auth_flow ________________________________

    def test_auth_flow():
        # Use a fresh DB for test (users.db is created in cwd by default)
        # in source code location e:\code.projects\astrology
    
        manager = get_user_manager()
    
        email = "test@example.com"
        password = "securePassword123"
    
        # 1. Create
        print("Creating user...")
>       res = manager.create_user(email, password, "Test User")

src\tests\test_db_auth.py:27: 
_ _ _ _ _ _ _ _ _ _ _ _ _ _ _ _ _ _ _ _ _ _ _ _ _ _ _ _ _ _ _ _ _ _ _ _ _ _ _ _
src\engine\user_auth.py:68: in create_user
    if not self._check_rate_limit(f"create:{email}", limit=3, window=3600):
_ _ _ _ _ _ _ _ _ _ _ _ _ _ _ _ _ _ _ _ _ _ _ _ _ _ _ _ _ _ _ _ _ _ _ _ _ _ _ _

self = <src.engine.user_auth.UserManager object at 0x0000022756040440>
key = 'create:test@example.com', limit = 3, window = 3600

    def _check_rate_limit(self, key: str, limit: int = 5, window: int = 60) -> bool:
        """
        Check if action is allowed for key.
        limit: max attempts
        window: seconds
        Returns True if allowed, False if blocked.
        """
>       now = datetime.utcnow()
E       DeprecationWarning: datetime.datetime.utcnow() is deprecated and scheduled for removal in a future version. Use timezone-aware objects to represent datetimes in UTC: datetime.datetime.now(datetime.UTC).

src\engine\user_auth.py:39: DeprecationWarning
---------------------------- Captured stdout call -----------------------------
Creating user...
________________________________ test_options _________________________________

    async def test_options():
        print("--- Testing Node Type Option ---")
        # 1. Mean Node (Default)
        data_mean = calculate_chart_data(
            date_str="2023-01-01", time_str="12:00", city="London", node_type="mean"
        )
>       mean_node_lon = data_mean["planets"]["North_Node"]["longitude"]
E       KeyError: 'planets'

src\tests\test_manual_options.py:13: KeyError
---------------------------- Captured stdout call -----------------------------
--- Testing Node Type Option ---
__________________________ test_restore_session_flow __________________________

    def test_restore_session_flow():
        # 1. Create a dummy token with chart data
        chart_data = {"date": "2023-01-01", "city": "London"}
>       token = create_access_token(
            chart_hash="dummy",
            tier="scholar",
            data={"user_id": 123, "chart_input": chart_data}
        )

src\tests\test_monetization.py:21: 
_ _ _ _ _ _ _ _ _ _ _ _ _ _ _ _ _ _ _ _ _ _ _ _ _ _ _ _ _ _ _ _ _ _ _ _ _ _ _ _

chart_hash = 'dummy', tier = 'scholar', expires_days = 30
data = {'chart_input': {'city': 'London', 'date': '2023-01-01'}, 'user_id': 123}

    def create_access_token(chart_hash: str, tier: str, expires_days: int = 30, data: dict = None) -> str:
        payload = {
            'chart_hash': chart_hash,
            'tier': tier,
>           'exp': datetime.utcnow() + timedelta(days=expires_days)
        }
E       DeprecationWarning: datetime.datetime.utcnow() is deprecated and scheduled for removal in a future version. Use timezone-aware objects to represent datetimes in UTC: datetime.datetime.now(datetime.UTC).

src\api\v1\auth.py:12: DeprecationWarning
________________________ test_restore_session_no_data _________________________

    def test_restore_session_no_data():
>       token = create_access_token(
            chart_hash="dummy",
            tier="free",
            data={"user_id": 123} # No chart_input
        )

src\tests\test_monetization.py:38: 
_ _ _ _ _ _ _ _ _ _ _ _ _ _ _ _ _ _ _ _ _ _ _ _ _ _ _ _ _ _ _ _ _ _ _ _ _ _ _ _

chart_hash = 'dummy', tier = 'free', expires_days = 30, data = {'user_id': 123}

    def create_access_token(chart_hash: str, tier: str, expires_days: int = 30, data: dict = None) -> str:
        payload = {
            'chart_hash': chart_hash,
            'tier': tier,
>           'exp': datetime.utcnow() + timedelta(days=expires_days)
        }
E       DeprecationWarning: datetime.datetime.utcnow() is deprecated and scheduled for removal in a future version. Use timezone-aware objects to represent datetimes in UTC: datetime.datetime.now(datetime.UTC).

src\api\v1\auth.py:12: DeprecationWarning
_________________________ test_onetime_purchase_flow __________________________

cls = <class '_pytest.runner.CallInfo'>
func = <function call_and_report.<locals>.<lambda> at 0x00000227567E4720>
when = 'call'
reraise = (<class '_pytest.outcomes.Exit'>, <class 'KeyboardInterrupt'>)

    @classmethod
    def from_call(
        cls,
        func: Callable[[], TResult],
        when: Literal["collect", "setup", "call", "teardown"],
        reraise: type[BaseException] | tuple[type[BaseException], ...] | None = None,
    ) -> CallInfo[TResult]:
        """Call func, wrapping the result in a CallInfo.
    
        :param func:
            The function to call. Called without arguments.
        :type func: Callable[[], _pytest.runner.TResult]
        :param when:
            The phase in which the function is called.
        :param reraise:
            Exception or exceptions that shall propagate if raised by the
            function, instead of being wrapped in the CallInfo.
        """
        excinfo = None
        start = timing.time()
        precise_start = timing.perf_counter()
        try:
>           result: TResult | None = func()

C:\ProgramData\anaconda3\Lib\site-packages\_pytest\runner.py:341: 
_ _ _ _ _ _ _ _ _ _ _ _ _ _ _ _ _ _ _ _ _ _ _ _ _ _ _ _ _ _ _ _ _ _ _ _ _ _ _ _
C:\ProgramData\anaconda3\Lib\site-packages\_pytest\runner.py:242: in <lambda>
    lambda: runtest_hook(item=item, **kwds), when=when, reraise=reraise
C:\ProgramData\anaconda3\Lib\site-packages\pluggy\_hooks.py:513: in __call__
    return self._hookexec(self.name, self._hookimpls.copy(), kwargs, firstresult)
C:\ProgramData\anaconda3\Lib\site-packages\pluggy\_manager.py:120: in _hookexec
    return self._inner_hookexec(hook_name, methods, kwargs, firstresult)
C:\ProgramData\anaconda3\Lib\site-packages\_pytest\threadexception.py:92: in pytest_runtest_call
    yield from thread_exception_runtest_hook()
C:\ProgramData\anaconda3\Lib\site-packages\_pytest\threadexception.py:68: in thread_exception_runtest_hook
    yield
C:\ProgramData\anaconda3\Lib\site-packages\_pytest\unraisableexception.py:95: in pytest_runtest_call
    yield from unraisable_exception_runtest_hook()
C:\ProgramData\anaconda3\Lib\site-packages\_pytest\unraisableexception.py:70: in unraisable_exception_runtest_hook
    yield
C:\ProgramData\anaconda3\Lib\site-packages\_pytest\logging.py:846: in pytest_runtest_call
    yield from self._runtest_for(item, "call")
C:\ProgramData\anaconda3\Lib\site-packages\_pytest\logging.py:829: in _runtest_for
    yield
C:\ProgramData\anaconda3\Lib\site-packages\_pytest\capture.py:880: in pytest_runtest_call
    return (yield)
C:\ProgramData\anaconda3\Lib\site-packages\_pytest\skipping.py:257: in pytest_runtest_call
    return (yield)
C:\ProgramData\anaconda3\Lib\site-packages\_pytest\runner.py:174: in pytest_runtest_call
    item.runtest()
C:\ProgramData\anaconda3\Lib\site-packages\_pytest\python.py:1627: in runtest
    self.ihook.pytest_pyfunc_call(pyfuncitem=self)
C:\ProgramData\anaconda3\Lib\site-packages\pluggy\_hooks.py:513: in __call__
    return self._hookexec(self.name, self._hookimpls.copy(), kwargs, firstresult)
C:\ProgramData\anaconda3\Lib\site-packages\pluggy\_manager.py:120: in _hookexec
    return self._inner_hookexec(hook_name, methods, kwargs, firstresult)
_ _ _ _ _ _ _ _ _ _ _ _ _ _ _ _ _ _ _ _ _ _ _ _ _ _ _ _ _ _ _ _ _ _ _ _ _ _ _ _

pyfuncitem = <Function test_onetime_purchase_flow>

    @hookimpl(trylast=True)
    def pytest_pyfunc_call(pyfuncitem: Function) -> object | None:
        testfunction = pyfuncitem.obj
        if is_async_function(testfunction):
            async_warn_and_skip(pyfuncitem.nodeid)
        funcargs = pyfuncitem.funcargs
        testargs = {arg: funcargs[arg] for arg in pyfuncitem._fixtureinfo.argnames}
        result = testfunction(**testargs)
        if hasattr(result, "__await__") or hasattr(result, "__aiter__"):
            async_warn_and_skip(pyfuncitem.nodeid)
        elif result is not None:
>           warnings.warn(
                PytestReturnNotNoneWarning(
                    f"Expected None, but {pyfuncitem.nodeid} returned {result!r}, which will be an error in a "
                    "future version of pytest.  Did you mean to use `assert` instead of `return`?"
                )
            )
E           pytest.PytestReturnNotNoneWarning: Expected None, but src/tests/test_purchase_flow.py::test_onetime_purchase_flow returned 'https://checkout.stripe.com/g/pay/cs_live_b12FkBjmiaG8QBJI1MDJ96CXT8Xik8rLNfKQuKe5D21FCtsB8q7FroBqsA#fidnandhYHdWcXxpYCc%2FJ2FgY2RwaXEnKSdkdWxOYHwnPyd1blppbHNgWjA0VzJkUXBGPUdPd2xxdHN3UjNyPV9dfFZJZzNidkJxSXdDUUROVEZ8RHVwRnxrVnZoNzxwTE5PQ0IxQTxOXG1oNX1nMmdtTm5HTG43UH13dkBhfWluNzAxNTV8bH9AS2JhMicpJ2N3amhWYHdzYHcnP3F3cGApJ2dkZm5id2pwa2FGamlqdyc%2FJyZjY2NjY2MnKSdpZHxqcHFRfHVgJz8naHBpcWxabHFgaCcpJ2BrZGdpYFVpZGZgbWppYWB3dic%2FcXdwYHgl', which will be an error in a future version of pytest.  Did you mean to use `assert` instead of `return`?

C:\ProgramData\anaconda3\Lib\site-packages\_pytest\python.py:163: PytestReturnNotNoneWarning
---------------------------- Captured stdout call -----------------------------
Using existing test user: test_customer_automated@example.com (ID: PcwLLMuwAUjedaPAikNWrg)
2026-03-21 22:27:51,295 - INFO - [_util] - message='Request to Stripe api' method=get url=https://api.stripe.com/v1/prices/price_1Sw53FC8BJritqvrkgAS5xJD
2026-03-21 22:27:51,464 - INFO - [_util] - message='Stripe API response' path=https://api.stripe.com/v1/prices/price_1Sw53FC8BJritqvrkgAS5xJD response_code=200
2026-03-21 22:27:51,466 - INFO - [_util] - message='Request to Stripe api' method=post url=https://api.stripe.com/v1/checkout/sessions
2026-03-21 22:27:51,748 - INFO - [_util] - message='Stripe API response' path=https://api.stripe.com/v1/checkout/sessions response_code=200
Created Checkout Session ID: cs_live_b12FkBjmiaG8QBJI1MDJ96CXT8Xik8rLNfKQuKe5D21FCtsB8q7FroBqsA
Checkout URL: https://checkout.stripe.com/g/pay/cs_live_b12FkBjmiaG8QBJI1MDJ96CXT8Xik8rLNfKQuKe5D21FCtsB8q7FroBqsA#fidnandhYHdWcXxpYCc%2FJ2FgY2RwaXEnKSdkdWxOYHwnPyd1blppbHNgWjA0VzJkUXBGPUdPd2xxdHN3UjNyPV9dfFZJZzNidkJxSXdDUUROVEZ8RHVwRnxrVnZoNzxwTE5PQ0IxQTxOXG1oNX1nMmdtTm5HTG43UH13dkBhfWluNzAxNTV8bH9AS2JhMicpJ2N3amhWYHdzYHcnP3F3cGApJ2dkZm5id2pwa2FGamlqdyc%2FJyZjY2NjY2MnKSdpZHxqcHFRfHVgJz8naHBpcWxabHFgaCcpJ2BrZGdpYFVpZGZgbWppYWB3dic%2FcXdwYHgl
------------------------------ Captured log call ------------------------------
INFO     stripe:_util.py:127 message='Request to Stripe api' method=get url=https://api.stripe.com/v1/prices/price_1Sw53FC8BJritqvrkgAS5xJD
INFO     stripe:_util.py:127 message='Stripe API response' path=https://api.stripe.com/v1/prices/price_1Sw53FC8BJritqvrkgAS5xJD response_code=200
INFO     stripe:_util.py:127 message='Request to Stripe api' method=post url=https://api.stripe.com/v1/checkout/sessions
INFO     stripe:_util.py:127 message='Stripe API response' path=https://api.stripe.com/v1/checkout/sessions response_code=200
___________________________ test_alcabitius_houses ____________________________

test_case_1996 = {'error': 'datetime.datetime.utcnow() is deprecated and scheduled for removal in a future version. Use timezone-aware objects to represent datetimes in UTC: datetime.datetime.now(datetime.UTC).'}

    def test_alcabitius_houses(test_case_1996):
        """Verify Alcabitius houses are calculated and match expected structure."""
        houses = test_case_1996.get("houses")
>       assert houses is not None
E       assert None is not None

src\tests\test_traditional_pillars.py:25: AssertionError
_________________________ test_planetary_phasis_logic _________________________

test_case_1996 = {'error': 'datetime.datetime.utcnow() is deprecated and scheduled for removal in a future version. Use timezone-aware objects to represent datetimes in UTC: datetime.datetime.now(datetime.UTC).'}

    def test_planetary_phasis_logic(test_case_1996):
        """Verify Phasis engine correctly identifies Mercury's state."""
        planets = test_case_1996.get("planets")
>       mercury = planets.get("Mercury")
E       AttributeError: 'NoneType' object has no attribute 'get'

src\tests\test_traditional_pillars.py:33: AttributeError
____________________________ test_solar_proximity _____________________________

test_case_1996 = {'error': 'datetime.datetime.utcnow() is deprecated and scheduled for removal in a future version. Use timezone-aware objects to represent datetimes in UTC: datetime.datetime.now(datetime.UTC).'}

    def test_solar_proximity(test_case_1996):
        """Verify Sun and Moon proximity (Moon is often combust)."""
>       sun_lon = test_case_1996["planets"]["Sun"]["longitude"]
E       KeyError: 'planets'

src\tests\test_traditional_pillars.py:55: KeyError
_______________________ test_decennial_apheta_selection _______________________

test_case_1996 = {'error': 'datetime.datetime.utcnow() is deprecated and scheduled for removal in a future version. Use timezone-aware objects to represent datetimes in UTC: datetime.datetime.now(datetime.UTC).'}

    def test_decennial_apheta_selection(test_case_1996):
        """Verify Decennial Apheta selection for the 1996 chart."""
>       chart = Auditor._rebuild_chart_model(test_case_1996)

src\tests\test_traditional_pillars.py:64: 
_ _ _ _ _ _ _ _ _ _ _ _ _ _ _ _ _ _ _ _ _ _ _ _ _ _ _ _ _ _ _ _ _ _ _ _ _ _ _ _

raw_data = {'error': 'datetime.datetime.utcnow() is deprecated and scheduled for removal in a future version. Use timezone-aware objects to represent datetimes in UTC: datetime.datetime.now(datetime.UTC).'}

    @staticmethod
    def _rebuild_chart_model(raw_data: Dict) -> Chart:
        planets = []
>       for name, p_data in raw_data["planets"].items():
E       KeyError: 'planets'

src\engine\forensic_engine.py:938: KeyError
___________________________ test_decennial_sequence ___________________________

test_case_1996 = {'error': 'datetime.datetime.utcnow() is deprecated and scheduled for removal in a future version. Use timezone-aware objects to represent datetimes in UTC: datetime.datetime.now(datetime.UTC).'}

    def test_decennial_sequence(test_case_1996):
        """Verify the 129-month cycle durations."""
>       chart = Auditor._rebuild_chart_model(test_case_1996)

src\tests\test_traditional_pillars.py:73: 
_ _ _ _ _ _ _ _ _ _ _ _ _ _ _ _ _ _ _ _ _ _ _ _ _ _ _ _ _ _ _ _ _ _ _ _ _ _ _ _

raw_data = {'error': 'datetime.datetime.utcnow() is deprecated and scheduled for removal in a future version. Use timezone-aware objects to represent datetimes in UTC: datetime.datetime.now(datetime.UTC).'}

    @staticmethod
    def _rebuild_chart_model(raw_data: Dict) -> Chart:
        planets = []
>       for name, p_data in raw_data["planets"].items():
E       KeyError: 'planets'

src\engine\forensic_engine.py:938: KeyError
=========================== short test summary info ===========================
FAILED src/tests/test_api_integration.py::test_calculate_endpoint_free - pyda...
FAILED src/tests/test_api_integration.py::test_token_creation - DeprecationWa...
FAILED src/tests/test_audit.py::test_auditor_generate_full_nativity - Asserti...
FAILED src/tests/test_calculator.py::test_get_coordinates - DeprecationWarnin...
FAILED src/tests/test_calculator.py::test_get_local_datetime_now - Deprecatio...
FAILED src/tests/test_calculator.py::test_calculate_chart_data_integration - ...
FAILED src/tests/test_calculator.py::test_chart_calculator_class_compatibility
FAILED src/tests/test_db_auth.py::test_auth_flow - DeprecationWarning: dateti...
FAILED src/tests/test_manual_options.py::test_options - KeyError: 'planets'
FAILED src/tests/test_monetization.py::test_restore_session_flow - Deprecatio...
FAILED src/tests/test_monetization.py::test_restore_session_no_data - Depreca...
FAILED src/tests/test_purchase_flow.py::test_onetime_purchase_flow - pytest.P...
FAILED src/tests/test_traditional_pillars.py::test_alcabitius_houses - assert...
FAILED src/tests/test_traditional_pillars.py::test_planetary_phasis_logic - A...
FAILED src/tests/test_traditional_pillars.py::test_solar_proximity - KeyError...
FAILED src/tests/test_traditional_pillars.py::test_decennial_apheta_selection
FAILED src/tests/test_traditional_pillars.py::test_decennial_sequence - KeyEr...
======================== 17 failed, 58 passed in 8.16s ========================
