============================= test session starts =============================
platform win32 -- Python 3.13.5, pytest-8.3.4, pluggy-1.5.0
rootdir: E:\code.projects\astrology
configfile: pytest.ini
testpaths: src/tests
plugins: Faker-37.11.0, asyncio-1.2.0, cov-7.0.0, anyio-4.12.1, hydra-core-1.3.2, langsmith-0.6.6, mock-3.15.1
asyncio: mode=Mode.AUTO, debug=False, asyncio_default_fixture_loop_scope=function, asyncio_default_test_loop_scope=function
collected 521 items

src\tests\test_advanced_mechanics.py ....F                               [  0%]
src\tests\test_advanced_pillars.py ....                                  [  1%]
src\tests\test_api_integration.py ........                               [  3%]
src\tests\test_aspects.py ...............                                [  6%]
src\tests\test_astrology_tools.py .....                                  [  7%]
src\tests\test_audit.py ..                                               [  7%]
src\tests\test_calculations.py .................................         [ 13%]
src\tests\test_calculator.py .......                                     [ 15%]
src\tests\test_classical_mechanics.py ...................                [ 18%]
src\tests\test_commercial_roadmap.py ...                                 [ 19%]
src\tests\test_daily_navigator.py ...........                            [ 21%]
src\tests\test_db_auth.py .                                              [ 21%]
src\tests\test_decennials.py .....                                       [ 22%]
src\tests\test_decumbiture.py .......                                    [ 23%]
src\tests\test_dignities.py ........................                     [ 28%]
src\tests\test_electional.py .......                                     [ 29%]
src\tests\test_email_service.py .....                                    [ 30%]
src\tests\test_geniture.py ........................                      [ 35%]
src\tests\test_horary.py ....................................            [ 42%]
